2024-11-04 06:57:14.043 [info] [main] Log level: Info
2024-11-04 06:57:14.043 [info] [main] Validating found git in: "git"
2024-11-04 06:57:14.043 [info] [main] Using git "2.46.1" from "git"
2024-11-04 06:57:14.043 [info] [Model][doInitialScan] Initial repository scan started
2024-11-04 06:57:14.043 [info] > git rev-parse --show-toplevel [2ms]
2024-11-04 06:57:14.043 [info] > git rev-parse --git-dir --git-common-dir [2ms]
2024-11-04 06:57:14.043 [info] [Model][openRepository] Opened repository: /home/y/BIGDATA/GitHub/nix
2024-11-04 06:57:14.043 [info] > git config --get commit.template [43ms]
2024-11-04 06:57:14.044 [info] > git rev-parse --show-toplevel [14ms]
2024-11-04 06:57:14.065 [info] > git for-each-ref --format=%(refname)%00%(upstream:short)%00%(objectname)%00%(upstream:track)%00%(upstream:remotename)%00%(upstream:remoteref) refs/heads/main refs/remotes/main [8ms]
2024-11-04 06:57:14.068 [info] > git rev-parse --show-toplevel [4ms]
2024-11-04 06:57:14.091 [info] > git status -z -uall [9ms]
2024-11-04 06:57:14.091 [info] > git rev-parse --show-toplevel [18ms]
2024-11-04 06:57:14.101 [info] > git for-each-ref --sort -committerdate --format %(refname) %(objectname) %(*objectname) [11ms]
2024-11-04 06:57:14.128 [info] > git for-each-ref --format=%(refname)%00%(upstream:short)%00%(objectname)%00%(upstream:track)%00%(upstream:remotename)%00%(upstream:remoteref) refs/heads/main refs/remotes/main [14ms]
2024-11-04 06:57:14.136 [info] > git rev-parse --show-toplevel [37ms]
2024-11-04 06:57:14.144 [info] > git config --get commit.template [19ms]
2024-11-04 06:57:14.145 [info] > git rev-parse --show-toplevel [2ms]
2024-11-04 06:57:14.146 [info] [Model][doInitialScan] Initial repository scan completed - repositories (1), closed repositories (0), parent repositories (0), unsafe repositories (0)
2024-11-04 06:57:14.146 [info] > git config --local branch.main.vscode-merge-base [10ms]
2024-11-04 06:57:14.160 [info] > git for-each-ref --format=%(refname)%00%(upstream:short)%00%(objectname)%00%(upstream:track)%00%(upstream:remotename)%00%(upstream:remoteref) refs/heads/origin/main refs/remotes/origin/main [7ms]
2024-11-04 06:57:14.218 [info] > git merge-base refs/heads/main refs/remotes/origin/main [51ms]
2024-11-04 06:57:14.225 [info] > git for-each-ref --format=%(refname)%00%(upstream:short)%00%(objectname)%00%(upstream:track)%00%(upstream:remotename)%00%(upstream:remoteref) refs/heads/main refs/remotes/main [66ms]
2024-11-04 06:57:14.235 [info] > git diff --name-status -z --diff-filter=ADMR 26a95a9123caa9bf7d04a2651dd9fd56bd60157a...refs/remotes/origin/main [10ms]
2024-11-04 06:57:14.251 [info] > git status -z -uall [7ms]
2024-11-04 06:57:14.253 [info] > git for-each-ref --sort -committerdate --format %(refname) %(objectname) %(*objectname) [3ms]
2024-11-04 06:57:14.356 [info] > git show --textconv :flake.nix [7ms]
2024-11-04 06:57:14.357 [info] > git ls-files --stage -- /home/y/BIGDATA/GitHub/nix/flake.nix [2ms]
2024-11-04 06:57:14.363 [info] > git cat-file -s 98eeda1bdc4657f7ab9e19d32ce7834b99cc2fec [2ms]
2024-11-04 06:57:14.542 [info] > git check-ignore -v -z --stdin [2ms]
2024-11-04 06:57:15.834 [info] > git show --textconv :configuration.nix [9ms]
2024-11-04 06:57:15.835 [info] > git ls-files --stage -- /home/y/BIGDATA/GitHub/nix/configuration.nix [2ms]
2024-11-04 06:57:15.842 [info] > git cat-file -s 2c91e417044227ad875e87af14715e7b9bf06519 [2ms]
2024-11-04 06:57:30.284 [info] > git rev-parse --show-toplevel [1ms]
2024-11-04 06:57:30.284 [info] fatal: not a git repository (or any of the parent directories): .git
2024-11-04 06:57:40.736 [info] > git show --textconv :configuration.nix [9ms]
2024-11-04 06:57:40.737 [info] > git ls-files --stage -- /home/y/BIGDATA/GitHub/nix/configuration.nix [2ms]
2024-11-04 06:57:40.743 [info] > git cat-file -s 2c91e417044227ad875e87af14715e7b9bf06519 [2ms]
