2024-11-03 09:51:57.076 [info] [main] Log level: Info
2024-11-03 09:51:57.076 [info] [main] Validating found git in: "git"
2024-11-03 09:51:57.076 [info] [main] Using git "2.46.1" from "git"
2024-11-03 09:51:57.076 [info] [Model][doInitialScan] Initial repository scan started
2024-11-03 09:51:57.076 [info] > git rev-parse --show-toplevel [9ms]
2024-11-03 09:51:57.076 [info] > git rev-parse --git-dir --git-common-dir [17ms]
2024-11-03 09:51:57.076 [info] [Model][openRepository] Opened repository: /home/y/BIGDATA/GitHub/nix
2024-11-03 09:51:57.077 [info] > git rev-parse --show-toplevel [7ms]
2024-11-03 09:51:57.078 [info] > git config --get commit.template [15ms]
2024-11-03 09:51:57.095 [info] > git for-each-ref --format=%(refname)%00%(upstream:short)%00%(objectname)%00%(upstream:track)%00%(upstream:remotename)%00%(upstream:remoteref) refs/heads/main refs/remotes/main [3ms]
2024-11-03 09:51:57.096 [info] > git rev-parse --show-toplevel [11ms]
2024-11-03 09:51:57.109 [info] > git rev-parse --show-toplevel [6ms]
2024-11-03 09:51:57.131 [info] > git status -z -uall [15ms]
2024-11-03 09:51:57.132 [info] > git for-each-ref --sort -committerdate --format %(refname) %(objectname) %(*objectname) [8ms]
2024-11-03 09:51:57.156 [info] > git for-each-ref --format=%(refname)%00%(upstream:short)%00%(objectname)%00%(upstream:track)%00%(upstream:remotename)%00%(upstream:remoteref) refs/heads/main refs/remotes/main [13ms]
2024-11-03 09:51:57.162 [info] > git rev-parse --show-toplevel [32ms]
2024-11-03 09:51:57.162 [info] [Model][doInitialScan] Initial repository scan completed - repositories (1), closed repositories (0), parent repositories (0), unsafe repositories (0)
2024-11-03 09:51:57.165 [info] > git config --local branch.main.vscode-merge-base [3ms]
2024-11-03 09:51:57.173 [info] > git config --get commit.template [18ms]
2024-11-03 09:51:57.174 [info] > git for-each-ref --format=%(refname)%00%(upstream:short)%00%(objectname)%00%(upstream:track)%00%(upstream:remotename)%00%(upstream:remoteref) refs/heads/origin/main refs/remotes/origin/main [2ms]
2024-11-03 09:51:57.233 [info] > git merge-base refs/heads/main refs/remotes/origin/main [52ms]
2024-11-03 09:51:57.243 [info] > git diff --name-status -z --diff-filter=ADMR 66852eb03f31ed113dde0e5b23c8b68b73c79c52...refs/remotes/origin/main [4ms]
2024-11-03 09:51:57.243 [info] > git for-each-ref --format=%(refname)%00%(upstream:short)%00%(objectname)%00%(upstream:track)%00%(upstream:remotename)%00%(upstream:remoteref) refs/heads/main refs/remotes/main [11ms]
2024-11-03 09:51:57.259 [info] > git status -z -uall [8ms]
2024-11-03 09:51:57.260 [info] > git for-each-ref --sort -committerdate --format %(refname) %(objectname) %(*objectname) [3ms]
2024-11-03 09:51:57.367 [info] > git show --textconv :shell.nix [6ms]
2024-11-03 09:51:57.369 [info] > git ls-files --stage -- /home/y/BIGDATA/GitHub/nix/shell.nix [1ms]
2024-11-03 09:51:57.375 [info] > git cat-file -s ebf635752ce288e15e85444cf5bfad255e54de3e [1ms]
2024-11-03 09:51:57.672 [info] > git check-ignore -v -z --stdin [1ms]
2024-11-03 09:52:10.493 [info] > git show --textconv :system/pc-hypr.nix [6ms]
2024-11-03 09:52:10.494 [info] > git ls-files --stage -- /home/y/BIGDATA/GitHub/nix/system/pc-hypr.nix [1ms]
2024-11-03 09:52:10.500 [info] > git cat-file -s 6ee1ef853a9738439684dc6d5acb194b40a478a5 [1ms]
2024-11-03 09:52:33.679 [info] > git config --get commit.template [8ms]
2024-11-03 09:52:33.680 [info] > git for-each-ref --format=%(refname)%00%(upstream:short)%00%(objectname)%00%(upstream:track)%00%(upstream:remotename)%00%(upstream:remoteref) refs/heads/main refs/remotes/main [2ms]
2024-11-03 09:52:33.693 [info] > git status -z -uall [7ms]
2024-11-03 09:52:33.694 [info] > git for-each-ref --sort -committerdate --format %(refname) %(objectname) %(*objectname) [2ms]
2024-11-03 09:57:04.662 [info] > git config --get commit.template [6ms]
2024-11-03 09:57:04.663 [info] > git for-each-ref --format=%(refname)%00%(upstream:short)%00%(objectname)%00%(upstream:track)%00%(upstream:remotename)%00%(upstream:remoteref) refs/heads/main refs/remotes/main [2ms]
2024-11-03 09:57:04.676 [info] > git status -z -uall [7ms]
2024-11-03 09:57:04.677 [info] > git for-each-ref --sort -committerdate --format %(refname) %(objectname) %(*objectname) [2ms]
2024-11-03 09:57:07.316 [info] > git show --textconv :system/pc-hypr.nix [8ms]
2024-11-03 09:57:07.317 [info] > git ls-files --stage -- /home/y/BIGDATA/GitHub/nix/system/pc-hypr.nix [2ms]
2024-11-03 09:57:07.325 [info] > git cat-file -s 6ee1ef853a9738439684dc6d5acb194b40a478a5 [2ms]
2024-11-03 09:57:14.020 [info] > git show --textconv :system/pc-hypr.nix [7ms]
2024-11-03 09:57:14.021 [info] > git ls-files --stage -- /home/y/BIGDATA/GitHub/nix/system/pc-hypr.nix [1ms]
2024-11-03 09:57:14.028 [info] > git cat-file -s 6ee1ef853a9738439684dc6d5acb194b40a478a5 [2ms]
2024-11-03 09:59:59.419 [info] > git config --get commit.template [2ms]
2024-11-03 09:59:59.427 [info] > git for-each-ref --format=%(refname)%00%(upstream:short)%00%(objectname)%00%(upstream:track)%00%(upstream:remotename)%00%(upstream:remoteref) refs/heads/main refs/remotes/main [2ms]
2024-11-03 09:59:59.438 [info] > git status -z -uall [6ms]
2024-11-03 09:59:59.439 [info] > git for-each-ref --sort -committerdate --format %(refname) %(objectname) %(*objectname) [2ms]
2024-11-03 10:01:05.826 [info] > git config --get commit.template [7ms]
2024-11-03 10:01:05.827 [info] > git for-each-ref --format=%(refname)%00%(upstream:short)%00%(objectname)%00%(upstream:track)%00%(upstream:remotename)%00%(upstream:remoteref) refs/heads/main refs/remotes/main [1ms]
2024-11-03 10:01:05.839 [info] > git status -z -uall [6ms]
2024-11-03 10:01:05.840 [info] > git for-each-ref --sort -committerdate --format %(refname) %(objectname) %(*objectname) [2ms]
2024-11-03 10:03:37.402 [info] > git config --get commit.template [6ms]
2024-11-03 10:03:37.404 [info] > git for-each-ref --format=%(refname)%00%(upstream:short)%00%(objectname)%00%(upstream:track)%00%(upstream:remotename)%00%(upstream:remoteref) refs/heads/main refs/remotes/main [2ms]
2024-11-03 10:03:37.417 [info] > git status -z -uall [7ms]
2024-11-03 10:03:37.418 [info] > git for-each-ref --sort -committerdate --format %(refname) %(objectname) %(*objectname) [2ms]
2024-11-03 10:03:59.434 [info] > git config --get commit.template [8ms]
2024-11-03 10:03:59.435 [info] > git for-each-ref --format=%(refname)%00%(upstream:short)%00%(objectname)%00%(upstream:track)%00%(upstream:remotename)%00%(upstream:remoteref) refs/heads/main refs/remotes/main [1ms]
2024-11-03 10:03:59.447 [info] > git status -z -uall [6ms]
2024-11-03 10:03:59.448 [info] > git for-each-ref --sort -committerdate --format %(refname) %(objectname) %(*objectname) [2ms]
2024-11-03 10:04:04.474 [info] > git config --get commit.template [7ms]
2024-11-03 10:04:04.476 [info] > git for-each-ref --format=%(refname)%00%(upstream:short)%00%(objectname)%00%(upstream:track)%00%(upstream:remotename)%00%(upstream:remoteref) refs/heads/main refs/remotes/main [2ms]
2024-11-03 10:04:04.488 [info] > git status -z -uall [7ms]
2024-11-03 10:04:04.489 [info] > git for-each-ref --sort -committerdate --format %(refname) %(objectname) %(*objectname) [2ms]
2024-11-03 10:04:14.322 [info] > git config --get commit.template [6ms]
2024-11-03 10:04:14.323 [info] > git for-each-ref --format=%(refname)%00%(upstream:short)%00%(objectname)%00%(upstream:track)%00%(upstream:remotename)%00%(upstream:remoteref) refs/heads/main refs/remotes/main [1ms]
2024-11-03 10:04:14.335 [info] > git status -z -uall [6ms]
2024-11-03 10:04:14.336 [info] > git for-each-ref --sort -committerdate --format %(refname) %(objectname) %(*objectname) [2ms]
2024-11-03 10:07:18.023 [info] > git config --get commit.template [6ms]
2024-11-03 10:07:18.025 [info] > git for-each-ref --format=%(refname)%00%(upstream:short)%00%(objectname)%00%(upstream:track)%00%(upstream:remotename)%00%(upstream:remoteref) refs/heads/main refs/remotes/main [2ms]
2024-11-03 10:07:18.037 [info] > git status -z -uall [6ms]
2024-11-03 10:07:18.038 [info] > git for-each-ref --sort -committerdate --format %(refname) %(objectname) %(*objectname) [2ms]
2024-11-03 10:11:24.932 [info] > git config --get commit.template [7ms]
2024-11-03 10:11:24.933 [info] > git for-each-ref --format=%(refname)%00%(upstream:short)%00%(objectname)%00%(upstream:track)%00%(upstream:remotename)%00%(upstream:remoteref) refs/heads/main refs/remotes/main [2ms]
2024-11-03 10:11:24.947 [info] > git status -z -uall [8ms]
2024-11-03 10:11:24.948 [info] > git for-each-ref --sort -committerdate --format %(refname) %(objectname) %(*objectname) [2ms]
2024-11-03 10:13:05.626 [info] > git show --textconv :configuration.nix [7ms]
2024-11-03 10:13:05.627 [info] > git ls-files --stage -- /home/y/BIGDATA/GitHub/nix/configuration.nix [2ms]
2024-11-03 10:13:05.634 [info] > git cat-file -s 2c91e417044227ad875e87af14715e7b9bf06519 [2ms]
2024-11-03 10:16:33.599 [info] > git show --textconv :system/pc-hypr.nix [6ms]
2024-11-03 10:16:33.600 [info] > git ls-files --stage -- /home/y/BIGDATA/GitHub/nix/system/pc-hypr.nix [2ms]
2024-11-03 10:16:33.606 [info] > git cat-file -s 6ee1ef853a9738439684dc6d5acb194b40a478a5 [1ms]
2024-11-03 10:29:49.696 [info] > git config --get commit.template [8ms]
2024-11-03 10:29:49.697 [info] > git for-each-ref --format=%(refname)%00%(upstream:short)%00%(objectname)%00%(upstream:track)%00%(upstream:remotename)%00%(upstream:remoteref) refs/heads/main refs/remotes/main [2ms]
2024-11-03 10:29:49.711 [info] > git status -z -uall [7ms]
2024-11-03 10:29:49.712 [info] > git for-each-ref --sort -committerdate --format %(refname) %(objectname) %(*objectname) [2ms]
2024-11-03 12:11:52.692 [info] > git config --get commit.template [6ms]
2024-11-03 12:11:52.697 [info] > git for-each-ref --format=%(refname)%00%(upstream:short)%00%(objectname)%00%(upstream:track)%00%(upstream:remotename)%00%(upstream:remoteref) refs/heads/main refs/remotes/main [5ms]
2024-11-03 12:11:52.711 [info] > git status -z -uall [7ms]
2024-11-03 12:11:52.713 [info] > git for-each-ref --sort -committerdate --format %(refname) %(objectname) %(*objectname) [3ms]
2024-11-03 12:11:52.733 [info] > git merge-base refs/heads/main refs/remotes/origin/main [10ms]
2024-11-03 12:11:52.741 [info] > git ls-files --stage -- /home/y/BIGDATA/GitHub/nix/system/pc-hypr.nix [10ms]
2024-11-03 12:11:52.747 [info] > git diff --name-status -z --diff-filter=ADMR 62c1c1e372388c85e8d7329fc0a4aca5ebc80fcb...refs/remotes/origin/main [7ms]
2024-11-03 12:11:52.748 [info] > git cat-file -s 08000469766987b45217c51cd8733ca44c1b540e [2ms]
2024-11-03 12:11:52.758 [info] > git show --textconv :system/pc-hypr.nix [2ms]
2024-11-03 12:11:57.736 [info] > git config --get commit.template [7ms]
2024-11-03 12:11:57.737 [info] > git for-each-ref --format=%(refname)%00%(upstream:short)%00%(objectname)%00%(upstream:track)%00%(upstream:remotename)%00%(upstream:remoteref) refs/heads/main refs/remotes/main [1ms]
2024-11-03 12:11:57.749 [info] > git status -z -uall [7ms]
2024-11-03 12:11:57.751 [info] > git for-each-ref --sort -committerdate --format %(refname) %(objectname) %(*objectname) [1ms]
2024-11-03 12:25:31.882 [info] > git show --textconv :configuration.nix [7ms]
2024-11-03 12:25:31.884 [info] > git ls-files --stage -- /home/y/BIGDATA/GitHub/nix/configuration.nix [3ms]
2024-11-03 12:25:31.892 [info] > git cat-file -s 2c91e417044227ad875e87af14715e7b9bf06519 [2ms]
2024-11-03 12:31:45.575 [info] > git show --textconv :system/pc-hypr.nix [5ms]
2024-11-03 12:31:45.576 [info] > git ls-files --stage -- /home/y/BIGDATA/GitHub/nix/system/pc-hypr.nix [1ms]
2024-11-03 12:31:45.584 [info] > git cat-file -s 08000469766987b45217c51cd8733ca44c1b540e [2ms]
2024-11-03 12:32:13.934 [info] > git config --get commit.template [6ms]
2024-11-03 12:32:13.935 [info] > git for-each-ref --format=%(refname)%00%(upstream:short)%00%(objectname)%00%(upstream:track)%00%(upstream:remotename)%00%(upstream:remoteref) refs/heads/main refs/remotes/main [1ms]
2024-11-03 12:32:13.948 [info] > git status -z -uall [7ms]
2024-11-03 12:32:13.949 [info] > git for-each-ref --sort -committerdate --format %(refname) %(objectname) %(*objectname) [2ms]
2024-11-03 12:32:57.286 [info] > git config --get commit.template [5ms]
2024-11-03 12:32:57.287 [info] > git for-each-ref --format=%(refname)%00%(upstream:short)%00%(objectname)%00%(upstream:track)%00%(upstream:remotename)%00%(upstream:remoteref) refs/heads/main refs/remotes/main [2ms]
2024-11-03 12:32:57.299 [info] > git status -z -uall [7ms]
2024-11-03 12:32:57.300 [info] > git for-each-ref --sort -committerdate --format %(refname) %(objectname) %(*objectname) [2ms]
2024-11-03 12:42:16.500 [info] > git check-ignore -v -z --stdin [1ms]
2024-11-03 12:42:21.508 [info] > git check-ignore -v -z --stdin [2ms]
2024-11-03 12:52:47.508 [info] > git config --get commit.template [9ms]
2024-11-03 12:52:47.510 [info] > git for-each-ref --format=%(refname)%00%(upstream:short)%00%(objectname)%00%(upstream:track)%00%(upstream:remotename)%00%(upstream:remoteref) refs/heads/main refs/remotes/main [2ms]
2024-11-03 12:52:47.522 [info] > git status -z -uall [5ms]
2024-11-03 12:52:47.523 [info] > git for-each-ref --sort -committerdate --format %(refname) %(objectname) %(*objectname) [2ms]
2024-11-03 12:52:52.548 [info] > git config --get commit.template [7ms]
2024-11-03 12:52:52.549 [info] > git for-each-ref --format=%(refname)%00%(upstream:short)%00%(objectname)%00%(upstream:track)%00%(upstream:remotename)%00%(upstream:remoteref) refs/heads/main refs/remotes/main [2ms]
2024-11-03 12:52:52.560 [info] > git status -z -uall [6ms]
2024-11-03 12:52:52.561 [info] > git for-each-ref --sort -committerdate --format %(refname) %(objectname) %(*objectname) [2ms]
2024-11-03 12:57:50.785 [info] > git config --get commit.template [5ms]
2024-11-03 12:57:50.785 [info] > git for-each-ref --format=%(refname)%00%(upstream:short)%00%(objectname)%00%(upstream:track)%00%(upstream:remotename)%00%(upstream:remoteref) refs/heads/main refs/remotes/main [1ms]
2024-11-03 12:57:50.796 [info] > git status -z -uall [6ms]
2024-11-03 12:57:50.798 [info] > git for-each-ref --sort -committerdate --format %(refname) %(objectname) %(*objectname) [3ms]
2024-11-03 12:58:14.646 [info] > git config --get commit.template [6ms]
2024-11-03 12:58:14.647 [info] > git for-each-ref --format=%(refname)%00%(upstream:short)%00%(objectname)%00%(upstream:track)%00%(upstream:remotename)%00%(upstream:remoteref) refs/heads/main refs/remotes/main [2ms]
2024-11-03 12:58:14.659 [info] > git status -z -uall [7ms]
2024-11-03 12:58:14.660 [info] > git for-each-ref --sort -committerdate --format %(refname) %(objectname) %(*objectname) [2ms]
2024-11-03 12:59:53.160 [info] > git config --get commit.template [6ms]
2024-11-03 12:59:53.161 [info] > git for-each-ref --format=%(refname)%00%(upstream:short)%00%(objectname)%00%(upstream:track)%00%(upstream:remotename)%00%(upstream:remoteref) refs/heads/main refs/remotes/main [1ms]
2024-11-03 12:59:53.174 [info] > git status -z -uall [7ms]
2024-11-03 12:59:53.175 [info] > git for-each-ref --sort -committerdate --format %(refname) %(objectname) %(*objectname) [1ms]
2024-11-03 13:00:49.979 [info] > git config --get commit.template [8ms]
2024-11-03 13:00:49.982 [info] > git for-each-ref --format=%(refname)%00%(upstream:short)%00%(objectname)%00%(upstream:track)%00%(upstream:remotename)%00%(upstream:remoteref) refs/heads/main refs/remotes/main [4ms]
2024-11-03 13:00:50.002 [info] > git status -z -uall [10ms]
2024-11-03 13:00:50.003 [info] > git for-each-ref --sort -committerdate --format %(refname) %(objectname) %(*objectname) [2ms]
2024-11-03 13:02:00.155 [info] > git config --get commit.template [7ms]
2024-11-03 13:02:00.156 [info] > git for-each-ref --format=%(refname)%00%(upstream:short)%00%(objectname)%00%(upstream:track)%00%(upstream:remotename)%00%(upstream:remoteref) refs/heads/main refs/remotes/main [2ms]
2024-11-03 13:02:00.167 [info] > git status -z -uall [6ms]
2024-11-03 13:02:00.168 [info] > git for-each-ref --sort -committerdate --format %(refname) %(objectname) %(*objectname) [1ms]
2024-11-03 13:07:57.533 [info] > git config --get commit.template [7ms]
2024-11-03 13:07:57.534 [info] > git for-each-ref --format=%(refname)%00%(upstream:short)%00%(objectname)%00%(upstream:track)%00%(upstream:remotename)%00%(upstream:remoteref) refs/heads/main refs/remotes/main [2ms]
2024-11-03 13:07:57.546 [info] > git status -z -uall [5ms]
2024-11-03 13:07:57.548 [info] > git for-each-ref --sort -committerdate --format %(refname) %(objectname) %(*objectname) [2ms]
2024-11-03 13:16:39.033 [info] > git show --textconv :configuration.nix [9ms]
2024-11-03 13:16:39.035 [info] > git ls-files --stage -- /home/y/BIGDATA/GitHub/nix/configuration.nix [6ms]
2024-11-03 13:16:39.043 [info] > git cat-file -s 2c91e417044227ad875e87af14715e7b9bf06519 [2ms]
2024-11-03 13:17:07.892 [info] > git config --get commit.template [6ms]
2024-11-03 13:17:07.895 [info] > git for-each-ref --format=%(refname)%00%(upstream:short)%00%(objectname)%00%(upstream:track)%00%(upstream:remotename)%00%(upstream:remoteref) refs/heads/main refs/remotes/main [4ms]
2024-11-03 13:17:07.907 [info] > git status -z -uall [7ms]
2024-11-03 13:17:07.908 [info] > git for-each-ref --sort -committerdate --format %(refname) %(objectname) %(*objectname) [2ms]
2024-11-03 13:17:36.971 [info] > git show --textconv :system/pc-hypr.nix [7ms]
2024-11-03 13:17:36.972 [info] > git ls-files --stage -- /home/y/BIGDATA/GitHub/nix/system/pc-hypr.nix [2ms]
2024-11-03 13:17:36.979 [info] > git cat-file -s 08000469766987b45217c51cd8733ca44c1b540e [1ms]
2024-11-03 13:17:53.226 [info] > git config --get commit.template [7ms]
2024-11-03 13:17:53.227 [info] > git for-each-ref --format=%(refname)%00%(upstream:short)%00%(objectname)%00%(upstream:track)%00%(upstream:remotename)%00%(upstream:remoteref) refs/heads/main refs/remotes/main [1ms]
2024-11-03 13:17:53.239 [info] > git status -z -uall [6ms]
2024-11-03 13:17:53.240 [info] > git for-each-ref --sort -committerdate --format %(refname) %(objectname) %(*objectname) [2ms]
2024-11-03 13:21:59.334 [info] > git config --get commit.template [7ms]
2024-11-03 13:21:59.335 [info] > git for-each-ref --format=%(refname)%00%(upstream:short)%00%(objectname)%00%(upstream:track)%00%(upstream:remotename)%00%(upstream:remoteref) refs/heads/main refs/remotes/main [2ms]
2024-11-03 13:21:59.349 [info] > git status -z -uall [8ms]
2024-11-03 13:21:59.350 [info] > git for-each-ref --sort -committerdate --format %(refname) %(objectname) %(*objectname) [2ms]
2024-11-03 13:26:41.726 [info] > git config --get commit.template [6ms]
2024-11-03 13:26:41.727 [info] > git for-each-ref --format=%(refname)%00%(upstream:short)%00%(objectname)%00%(upstream:track)%00%(upstream:remotename)%00%(upstream:remoteref) refs/heads/main refs/remotes/main [1ms]
2024-11-03 13:26:41.738 [info] > git status -z -uall [6ms]
2024-11-03 13:26:41.739 [info] > git for-each-ref --sort -committerdate --format %(refname) %(objectname) %(*objectname) [1ms]
