2024-11-03 20:19:03.573 [info] Extension host with pid 107203 started
2024-11-03 20:19:03.574 [info] Skipping acquiring lock for /home/y/.config/VSCodium/User/workspaceStorage/3f4356ea5c475aa276f2647968591f5f.
2024-11-03 20:19:03.797 [info] ExtensionService#_doActivateExtension vscode.emmet, startup: false, activationEvent: 'onLanguage'
2024-11-03 20:19:03.962 [info] ExtensionService#_doActivateExtension vscode.git-base, startup: true, activationEvent: '*', root cause: vscode.git
2024-11-03 20:19:03.978 [info] ExtensionService#_doActivateExtension vscode.git, startup: true, activationEvent: '*'
2024-11-03 20:19:04.068 [info] ExtensionService#_doActivateExtension vscode.github, startup: true, activationEvent: '*'
2024-11-03 20:19:04.146 [info] Eager extensions activated
2024-11-03 20:19:04.174 [info] ExtensionService#_doActivateExtension vscode.debug-auto-launch, startup: false, activationEvent: 'onStartupFinished'
2024-11-03 20:19:04.177 [info] ExtensionService#_doActivateExtension vscode.merge-conflict, startup: false, activationEvent: 'onStartupFinished'
2024-11-03 20:19:04.199 [info] ExtensionService#_doActivateExtension Catppuccin.catppuccin-vsc, startup: false, activationEvent: 'onStartupFinished'
2024-11-03 20:19:04.414 [info] ExtensionService#_doActivateExtension vscode.github-authentication, startup: false, activationEvent: 'onAuthenticationRequest:github'
2024-11-03 20:54:05.455 [info] Extension host terminating: renderer closed the MessagePort
2024-11-03 20:54:05.467 [error] Canceled: Canceled
	at new eR (file:///nix/store/xh9xf2nkl1lm0wlvkp8lpkbhqqr5gpsw-vscodium-1.94.2.24284/lib/vscode/resources/app/out/vs/workbench/api/node/extensionHostProcess.js:31:116724)
	at Kw._remoteCall (file:///nix/store/xh9xf2nkl1lm0wlvkp8lpkbhqqr5gpsw-vscodium-1.94.2.24284/lib/vscode/resources/app/out/vs/workbench/api/node/extensionHostProcess.js:31:123020)
	at s.<computed>.n.charCodeAt.s.<computed> (file:///nix/store/xh9xf2nkl1lm0wlvkp8lpkbhqqr5gpsw-vscodium-1.94.2.24284/lib/vscode/resources/app/out/vs/workbench/api/node/extensionHostProcess.js:31:119779)
	at A_._doExecuteCommand (file:///nix/store/xh9xf2nkl1lm0wlvkp8lpkbhqqr5gpsw-vscodium-1.94.2.24284/lib/vscode/resources/app/out/vs/workbench/api/node/extensionHostProcess.js:114:38463)
	at A_.executeCommand (file:///nix/store/xh9xf2nkl1lm0wlvkp8lpkbhqqr5gpsw-vscodium-1.94.2.24284/lib/vscode/resources/app/out/vs/workbench/api/node/extensionHostProcess.js:114:37899)
	at r.registerCommand.description (file:///nix/store/xh9xf2nkl1lm0wlvkp8lpkbhqqr5gpsw-vscodium-1.94.2.24284/lib/vscode/resources/app/out/vs/workbench/api/node/extensionHostProcess.js:114:37163)
	at A_._executeContributedCommand (file:///nix/store/xh9xf2nkl1lm0wlvkp8lpkbhqqr5gpsw-vscodium-1.94.2.24284/lib/vscode/resources/app/out/vs/workbench/api/node/extensionHostProcess.js:114:39032)
	at A_._doExecuteCommand (file:///nix/store/xh9xf2nkl1lm0wlvkp8lpkbhqqr5gpsw-vscodium-1.94.2.24284/lib/vscode/resources/app/out/vs/workbench/api/node/extensionHostProcess.js:114:38032)
	at A_.executeCommand (file:///nix/store/xh9xf2nkl1lm0wlvkp8lpkbhqqr5gpsw-vscodium-1.94.2.24284/lib/vscode/resources/app/out/vs/workbench/api/node/extensionHostProcess.js:114:37899)
	at Object.executeCommand (file:///nix/store/xh9xf2nkl1lm0wlvkp8lpkbhqqr5gpsw-vscodium-1.94.2.24284/lib/vscode/resources/app/out/vs/workbench/api/node/extensionHostProcess.js:156:41956)
	at gh.O [as value] (/nix/store/xh9xf2nkl1lm0wlvkp8lpkbhqqr5gpsw-vscodium-1.94.2.24284/lib/vscode/resources/app/extensions/git/dist/main.js:2:952983)
	at A._deliver (file:///nix/store/xh9xf2nkl1lm0wlvkp8lpkbhqqr5gpsw-vscodium-1.94.2.24284/lib/vscode/resources/app/out/vs/workbench/api/node/extensionHostProcess.js:29:895)
	at A._deliverQueue (file:///nix/store/xh9xf2nkl1lm0wlvkp8lpkbhqqr5gpsw-vscodium-1.94.2.24284/lib/vscode/resources/app/out/vs/workbench/api/node/extensionHostProcess.js:29:986)
	at A.fire (file:///nix/store/xh9xf2nkl1lm0wlvkp8lpkbhqqr5gpsw-vscodium-1.94.2.24284/lib/vscode/resources/app/out/vs/workbench/api/node/extensionHostProcess.js:29:1322)
	at Object.p [as dispose] (/nix/store/xh9xf2nkl1lm0wlvkp8lpkbhqqr5gpsw-vscodium-1.94.2.24284/lib/vscode/resources/app/extensions/git/dist/main.js:2:973561)
	at /nix/store/xh9xf2nkl1lm0wlvkp8lpkbhqqr5gpsw-vscodium-1.94.2.24284/lib/vscode/resources/app/extensions/git/dist/main.js:2:979683
	at Array.forEach (<anonymous>)
	at f.dispose (/nix/store/xh9xf2nkl1lm0wlvkp8lpkbhqqr5gpsw-vscodium-1.94.2.24284/lib/vscode/resources/app/extensions/git/dist/main.js:2:979669)
	at Pv.<anonymous> (file:///nix/store/xh9xf2nkl1lm0wlvkp8lpkbhqqr5gpsw-vscodium-1.94.2.24284/lib/vscode/resources/app/out/vs/workbench/api/node/extensionHostProcess.js:108:21457)
	at Pv.dispose (file:///nix/store/xh9xf2nkl1lm0wlvkp8lpkbhqqr5gpsw-vscodium-1.94.2.24284/lib/vscode/resources/app/out/vs/workbench/api/node/extensionHostProcess.js:108:21553)
	at Pv.<anonymous> (/nix/store/xh9xf2nkl1lm0wlvkp8lpkbhqqr5gpsw-vscodium-1.94.2.24284/lib/vscode/resources/app/extensions/git/dist/main.js:2:955281)
	at Pv.dispose (file:///nix/store/xh9xf2nkl1lm0wlvkp8lpkbhqqr5gpsw-vscodium-1.94.2.24284/lib/vscode/resources/app/out/vs/workbench/api/node/extensionHostProcess.js:108:21553)
	at xi (file:///nix/store/xh9xf2nkl1lm0wlvkp8lpkbhqqr5gpsw-vscodium-1.94.2.24284/lib/vscode/resources/app/out/vs/workbench/api/node/extensionHostProcess.js:24:701)
	at file:///nix/store/xh9xf2nkl1lm0wlvkp8lpkbhqqr5gpsw-vscodium-1.94.2.24284/lib/vscode/resources/app/out/vs/workbench/api/node/extensionHostProcess.js:118:18395
	at file:///nix/store/xh9xf2nkl1lm0wlvkp8lpkbhqqr5gpsw-vscodium-1.94.2.24284/lib/vscode/resources/app/out/vs/workbench/api/node/extensionHostProcess.js:24:1011
	at Object.dispose (file:///nix/store/xh9xf2nkl1lm0wlvkp8lpkbhqqr5gpsw-vscodium-1.94.2.24284/lib/vscode/resources/app/out/vs/workbench/api/node/extensionHostProcess.js:7:2296)
	at hW._deactivate (file:///nix/store/xh9xf2nkl1lm0wlvkp8lpkbhqqr5gpsw-vscodium-1.94.2.24284/lib/vscode/resources/app/out/vs/workbench/api/node/extensionHostProcess.js:118:14730)
	at file:///nix/store/xh9xf2nkl1lm0wlvkp8lpkbhqqr5gpsw-vscodium-1.94.2.24284/lib/vscode/resources/app/out/vs/workbench/api/node/extensionHostProcess.js:118:12016
	at Array.map (<anonymous>)
	at hW._deactivateAll (file:///nix/store/xh9xf2nkl1lm0wlvkp8lpkbhqqr5gpsw-vscodium-1.94.2.24284/lib/vscode/resources/app/out/vs/workbench/api/node/extensionHostProcess.js:118:12004)
	at hW.terminate (file:///nix/store/xh9xf2nkl1lm0wlvkp8lpkbhqqr5gpsw-vscodium-1.94.2.24284/lib/vscode/resources/app/out/vs/workbench/api/node/extensionHostProcess.js:118:12357)
	at MT.terminate (file:///nix/store/xh9xf2nkl1lm0wlvkp8lpkbhqqr5gpsw-vscodium-1.94.2.24284/lib/vscode/resources/app/out/vs/workbench/api/node/extensionHostProcess.js:119:1592)
	at gs (file:///nix/store/xh9xf2nkl1lm0wlvkp8lpkbhqqr5gpsw-vscodium-1.94.2.24284/lib/vscode/resources/app/out/vs/workbench/api/node/extensionHostProcess.js:174:16255)
	at MessagePortMain.<anonymous> (file:///nix/store/xh9xf2nkl1lm0wlvkp8lpkbhqqr5gpsw-vscodium-1.94.2.24284/lib/vscode/resources/app/out/vs/workbench/api/node/extensionHostProcess.js:174:12708)
	at MessagePortMain.emit (node:events:519:28)
	at MessagePortMain._internalPort.emit (node:electron/js2c/utility_init:2:2619) setContext undefined
2024-11-03 20:54:05.468 [error] Canceled: Canceled
	at new eR (file:///nix/store/xh9xf2nkl1lm0wlvkp8lpkbhqqr5gpsw-vscodium-1.94.2.24284/lib/vscode/resources/app/out/vs/workbench/api/node/extensionHostProcess.js:31:116724)
	at Kw._remoteCall (file:///nix/store/xh9xf2nkl1lm0wlvkp8lpkbhqqr5gpsw-vscodium-1.94.2.24284/lib/vscode/resources/app/out/vs/workbench/api/node/extensionHostProcess.js:31:123020)
	at s.<computed>.n.charCodeAt.s.<computed> (file:///nix/store/xh9xf2nkl1lm0wlvkp8lpkbhqqr5gpsw-vscodium-1.94.2.24284/lib/vscode/resources/app/out/vs/workbench/api/node/extensionHostProcess.js:31:119779)
	at A_._doExecuteCommand (file:///nix/store/xh9xf2nkl1lm0wlvkp8lpkbhqqr5gpsw-vscodium-1.94.2.24284/lib/vscode/resources/app/out/vs/workbench/api/node/extensionHostProcess.js:114:38463)
	at A_.executeCommand (file:///nix/store/xh9xf2nkl1lm0wlvkp8lpkbhqqr5gpsw-vscodium-1.94.2.24284/lib/vscode/resources/app/out/vs/workbench/api/node/extensionHostProcess.js:114:37899)
	at r.registerCommand.description (file:///nix/store/xh9xf2nkl1lm0wlvkp8lpkbhqqr5gpsw-vscodium-1.94.2.24284/lib/vscode/resources/app/out/vs/workbench/api/node/extensionHostProcess.js:114:37163)
	at A_._executeContributedCommand (file:///nix/store/xh9xf2nkl1lm0wlvkp8lpkbhqqr5gpsw-vscodium-1.94.2.24284/lib/vscode/resources/app/out/vs/workbench/api/node/extensionHostProcess.js:114:39032)
	at A_._doExecuteCommand (file:///nix/store/xh9xf2nkl1lm0wlvkp8lpkbhqqr5gpsw-vscodium-1.94.2.24284/lib/vscode/resources/app/out/vs/workbench/api/node/extensionHostProcess.js:114:38032)
	at A_.executeCommand (file:///nix/store/xh9xf2nkl1lm0wlvkp8lpkbhqqr5gpsw-vscodium-1.94.2.24284/lib/vscode/resources/app/out/vs/workbench/api/node/extensionHostProcess.js:114:37899)
	at Object.executeCommand (file:///nix/store/xh9xf2nkl1lm0wlvkp8lpkbhqqr5gpsw-vscodium-1.94.2.24284/lib/vscode/resources/app/out/vs/workbench/api/node/extensionHostProcess.js:156:41956)
	at set hasGitHubRepositories (/nix/store/xh9xf2nkl1lm0wlvkp8lpkbhqqr5gpsw-vscodium-1.94.2.24284/lib/vscode/resources/app/extensions/github/dist/extension.js:2:321527)
	at /nix/store/xh9xf2nkl1lm0wlvkp8lpkbhqqr5gpsw-vscodium-1.94.2.24284/lib/vscode/resources/app/extensions/github/dist/extension.js:2:322486
	at gh.value (/nix/store/xh9xf2nkl1lm0wlvkp8lpkbhqqr5gpsw-vscodium-1.94.2.24284/lib/vscode/resources/app/extensions/git/dist/main.js:2:1061824)
	at A._deliver (file:///nix/store/xh9xf2nkl1lm0wlvkp8lpkbhqqr5gpsw-vscodium-1.94.2.24284/lib/vscode/resources/app/out/vs/workbench/api/node/extensionHostProcess.js:29:895)
	at A._deliverQueue (file:///nix/store/xh9xf2nkl1lm0wlvkp8lpkbhqqr5gpsw-vscodium-1.94.2.24284/lib/vscode/resources/app/out/vs/workbench/api/node/extensionHostProcess.js:29:986)
	at A.fire (file:///nix/store/xh9xf2nkl1lm0wlvkp8lpkbhqqr5gpsw-vscodium-1.94.2.24284/lib/vscode/resources/app/out/vs/workbench/api/node/extensionHostProcess.js:29:1322)
	at Object.p [as dispose] (/nix/store/xh9xf2nkl1lm0wlvkp8lpkbhqqr5gpsw-vscodium-1.94.2.24284/lib/vscode/resources/app/extensions/git/dist/main.js:2:973561)
	at /nix/store/xh9xf2nkl1lm0wlvkp8lpkbhqqr5gpsw-vscodium-1.94.2.24284/lib/vscode/resources/app/extensions/git/dist/main.js:2:979683
	at Array.forEach (<anonymous>)
	at f.dispose (/nix/store/xh9xf2nkl1lm0wlvkp8lpkbhqqr5gpsw-vscodium-1.94.2.24284/lib/vscode/resources/app/extensions/git/dist/main.js:2:979669)
	at Pv.<anonymous> (file:///nix/store/xh9xf2nkl1lm0wlvkp8lpkbhqqr5gpsw-vscodium-1.94.2.24284/lib/vscode/resources/app/out/vs/workbench/api/node/extensionHostProcess.js:108:21457)
	at Pv.dispose (file:///nix/store/xh9xf2nkl1lm0wlvkp8lpkbhqqr5gpsw-vscodium-1.94.2.24284/lib/vscode/resources/app/out/vs/workbench/api/node/extensionHostProcess.js:108:21553)
	at Pv.<anonymous> (/nix/store/xh9xf2nkl1lm0wlvkp8lpkbhqqr5gpsw-vscodium-1.94.2.24284/lib/vscode/resources/app/extensions/git/dist/main.js:2:955281)
	at Pv.dispose (file:///nix/store/xh9xf2nkl1lm0wlvkp8lpkbhqqr5gpsw-vscodium-1.94.2.24284/lib/vscode/resources/app/out/vs/workbench/api/node/extensionHostProcess.js:108:21553)
	at xi (file:///nix/store/xh9xf2nkl1lm0wlvkp8lpkbhqqr5gpsw-vscodium-1.94.2.24284/lib/vscode/resources/app/out/vs/workbench/api/node/extensionHostProcess.js:24:701)
	at file:///nix/store/xh9xf2nkl1lm0wlvkp8lpkbhqqr5gpsw-vscodium-1.94.2.24284/lib/vscode/resources/app/out/vs/workbench/api/node/extensionHostProcess.js:118:18395
	at file:///nix/store/xh9xf2nkl1lm0wlvkp8lpkbhqqr5gpsw-vscodium-1.94.2.24284/lib/vscode/resources/app/out/vs/workbench/api/node/extensionHostProcess.js:24:1011
	at Object.dispose (file:///nix/store/xh9xf2nkl1lm0wlvkp8lpkbhqqr5gpsw-vscodium-1.94.2.24284/lib/vscode/resources/app/out/vs/workbench/api/node/extensionHostProcess.js:7:2296)
	at hW._deactivate (file:///nix/store/xh9xf2nkl1lm0wlvkp8lpkbhqqr5gpsw-vscodium-1.94.2.24284/lib/vscode/resources/app/out/vs/workbench/api/node/extensionHostProcess.js:118:14730)
	at file:///nix/store/xh9xf2nkl1lm0wlvkp8lpkbhqqr5gpsw-vscodium-1.94.2.24284/lib/vscode/resources/app/out/vs/workbench/api/node/extensionHostProcess.js:118:12016
	at Array.map (<anonymous>)
	at hW._deactivateAll (file:///nix/store/xh9xf2nkl1lm0wlvkp8lpkbhqqr5gpsw-vscodium-1.94.2.24284/lib/vscode/resources/app/out/vs/workbench/api/node/extensionHostProcess.js:118:12004)
	at hW.terminate (file:///nix/store/xh9xf2nkl1lm0wlvkp8lpkbhqqr5gpsw-vscodium-1.94.2.24284/lib/vscode/resources/app/out/vs/workbench/api/node/extensionHostProcess.js:118:12357)
	at MT.terminate (file:///nix/store/xh9xf2nkl1lm0wlvkp8lpkbhqqr5gpsw-vscodium-1.94.2.24284/lib/vscode/resources/app/out/vs/workbench/api/node/extensionHostProcess.js:119:1592)
	at gs (file:///nix/store/xh9xf2nkl1lm0wlvkp8lpkbhqqr5gpsw-vscodium-1.94.2.24284/lib/vscode/resources/app/out/vs/workbench/api/node/extensionHostProcess.js:174:16255)
	at MessagePortMain.<anonymous> (file:///nix/store/xh9xf2nkl1lm0wlvkp8lpkbhqqr5gpsw-vscodium-1.94.2.24284/lib/vscode/resources/app/out/vs/workbench/api/node/extensionHostProcess.js:174:12708)
	at MessagePortMain.emit (node:events:519:28)
	at MessagePortMain._internalPort.emit (node:electron/js2c/utility_init:2:2619) setContext undefined
2024-11-03 20:54:05.468 [info] Extension host with pid 107203 exiting with code 0
