2024-11-04 10:38:35.116 [info] Added views:outline in workbench.view.explorer
2024-11-04 10:38:35.116 [info] Added views:workbench.view.search in workbench.view.search
2024-11-04 10:38:35.116 [info] Added views:workbench.scm in workbench.view.scm
2024-11-04 10:38:35.116 [info] Added views:workbench.panel.markers.view in workbench.panel.markers
2024-11-04 10:38:35.116 [info] Added views:workbench.panel.output in workbench.panel.output
2024-11-04 10:38:35.116 [info] Added views:terminal in terminal
2024-11-04 10:38:35.116 [info] Added views:timeline in workbench.view.explorer
2024-11-04 10:38:35.116 [info] Added views:workbench.explorer.fileView in workbench.view.explorer
2024-11-04 10:38:35.344 [info] Added views:workbench.debug.welcome in workbench.view.debug
2024-11-04 10:38:36.133 [info] Added views:workbench.panel.repl.view in workbench.panel.repl
2024-11-04 10:38:36.506 [info] Added views:~remote.forwardedPorts in ~remote.forwardedPortsContainer
2024-11-04 10:38:36.575 [info] Added views:workbench.scm.history in workbench.view.scm
2024-11-04 10:39:11.257 [info] Removed views:workbench.scm.history from workbench.view.scm
2024-11-04 10:39:11.725 [info] Added views:outline in workbench.view.explorer
2024-11-04 10:39:11.725 [info] Added views:workbench.view.search in workbench.view.search
2024-11-04 10:39:11.725 [info] Added views:workbench.scm in workbench.view.scm
2024-11-04 10:39:11.725 [info] Added views:workbench.panel.markers.view in workbench.panel.markers
2024-11-04 10:39:11.725 [info] Added views:workbench.panel.output in workbench.panel.output
2024-11-04 10:39:11.725 [info] Added views:terminal in terminal
2024-11-04 10:39:11.725 [info] Added views:timeline in workbench.view.explorer
2024-11-04 10:39:11.725 [info] Added views:workbench.explorer.fileView in workbench.view.explorer
2024-11-04 10:39:12.220 [info] Added views:workbench.debug.welcome in workbench.view.debug
2024-11-04 10:39:12.483 [info] Added views:workbench.panel.repl.view in workbench.panel.repl
2024-11-04 10:39:12.520 [info] Added views:~remote.forwardedPorts in ~remote.forwardedPortsContainer
