2024-11-04 12:53:26.972 [info] [main] Log level: Info
2024-11-04 12:53:26.972 [info] [main] Validating found git in: "git"
2024-11-04 12:53:26.972 [info] [main] Using git "2.47.0" from "git"
2024-11-04 12:53:26.972 [info] [Model][doInitialScan] Initial repository scan started
2024-11-04 12:53:26.972 [info] > git rev-parse --show-toplevel [5ms]
2024-11-04 12:53:26.972 [info] fatal: not a git repository (or any of the parent directories): .git
2024-11-04 12:53:26.972 [info] > git rev-parse --show-toplevel [34ms]
2024-11-04 12:53:26.972 [info] fatal: not a git repository (or any of the parent directories): .git
2024-11-04 12:53:26.973 [info] > git rev-parse --show-toplevel [2ms]
2024-11-04 12:53:26.973 [info] fatal: not a git repository (or any of the parent directories): .git
2024-11-04 12:53:26.985 [info] > git rev-parse --show-toplevel [1ms]
2024-11-04 12:53:26.985 [info] fatal: not a git repository (or any of the parent directories): .git
2024-11-04 12:53:26.985 [info] [Model][doInitialScan] Initial repository scan completed - repositories (0), closed repositories (0), parent repositories (0), unsafe repositories (0)
2024-11-04 12:53:26.994 [info] > git rev-parse --show-toplevel [2ms]
2024-11-04 12:53:26.994 [info] fatal: not a git repository (or any of the parent directories): .git
2024-11-04 12:53:27.094 [info] > git rev-parse --show-toplevel [2ms]
2024-11-04 12:53:27.094 [info] fatal: not a git repository (or any of the parent directories): .git
2024-11-04 12:53:28.195 [info] > git rev-parse --show-toplevel [2ms]
2024-11-04 12:53:28.195 [info] fatal: not a git repository (or any of the parent directories): .git
2024-11-04 12:53:30.603 [info] > git rev-parse --show-toplevel [6ms]
2024-11-04 12:53:30.603 [info] fatal: not a git repository (or any of the parent directories): .git
2024-11-04 12:55:50.471 [info] > git rev-parse --show-toplevel [2ms]
2024-11-04 12:55:50.471 [info] fatal: not a git repository (or any of the parent directories): .git
2024-11-04 12:55:51.951 [info] > git rev-parse --show-toplevel [2ms]
2024-11-04 12:55:51.951 [info] fatal: not a git repository (or any of the parent directories): .git
