2024-10-29 05:58:44.499 [info] [main] Log level: Info
2024-10-29 05:58:44.499 [info] [main] Validating found git in: "git"
2024-10-29 05:58:44.499 [info] [main] Using git "2.46.1" from "git"
2024-10-29 05:58:44.499 [info] [Model][doInitialScan] Initial repository scan started
2024-10-29 05:58:44.499 [info] > git rev-parse --show-toplevel [7ms]
2024-10-29 05:58:44.499 [info] fatal: not a git repository (or any of the parent directories): .git
2024-10-29 05:58:44.499 [info] > git rev-parse --show-toplevel [4ms]
2024-10-29 05:58:44.499 [info] fatal: not a git repository (or any parent up to mount point /home/y)
Stopping at filesystem boundary (GIT_DISCOVERY_ACROSS_FILESYSTEM not set).
2024-10-29 05:58:44.499 [info] > git rev-parse --show-toplevel [13ms]
2024-10-29 05:58:44.499 [info] fatal: not a git repository (or any of the parent directories): .git
2024-10-29 05:58:44.500 [info] > git rev-parse --show-toplevel [4ms]
2024-10-29 05:58:44.500 [info] fatal: not a git repository (or any of the parent directories): .git
2024-10-29 05:58:44.500 [info] [Model][doInitialScan] Initial repository scan completed - repositories (0), closed repositories (0), parent repositories (0), unsafe repositories (0)
2024-10-29 05:58:44.509 [info] > git rev-parse --show-toplevel [2ms]
2024-10-29 05:58:44.509 [info] fatal: not a git repository (or any of the parent directories): .git
2024-10-29 05:58:44.525 [info] > git rev-parse --show-toplevel [5ms]
2024-10-29 05:58:44.525 [info] fatal: not a git repository (or any of the parent directories): .git
2024-10-29 05:58:45.305 [info] > git rev-parse --show-toplevel [2ms]
2024-10-29 05:58:45.305 [info] fatal: not a git repository (or any of the parent directories): .git
2024-10-29 05:58:56.014 [info] > git rev-parse --show-toplevel [2ms]
2024-10-29 05:58:56.014 [info] fatal: not a git repository (or any parent up to mount point /home/y)
Stopping at filesystem boundary (GIT_DISCOVERY_ACROSS_FILESYSTEM not set).
2024-10-29 05:59:07.709 [info] > git rev-parse --show-toplevel [2ms]
2024-10-29 05:59:07.709 [info] fatal: not a git repository (or any parent up to mount point /home/y)
Stopping at filesystem boundary (GIT_DISCOVERY_ACROSS_FILESYSTEM not set).
2024-10-29 05:59:07.716 [info] > git rev-parse --show-toplevel [2ms]
2024-10-29 05:59:07.716 [info] fatal: not a git repository (or any parent up to mount point /home/y)
Stopping at filesystem boundary (GIT_DISCOVERY_ACROSS_FILESYSTEM not set).
2024-10-29 05:59:10.710 [info] > git rev-parse --show-toplevel [2ms]
2024-10-29 05:59:10.710 [info] fatal: not a git repository (or any parent up to mount point /home/y)
Stopping at filesystem boundary (GIT_DISCOVERY_ACROSS_FILESYSTEM not set).
2024-10-29 05:59:10.729 [info] > git rev-parse --show-toplevel [3ms]
2024-10-29 05:59:10.729 [info] fatal: not a git repository (or any parent up to mount point /home/y)
Stopping at filesystem boundary (GIT_DISCOVERY_ACROSS_FILESYSTEM not set).
2024-10-29 05:59:10.737 [info] > git rev-parse --show-toplevel [1ms]
2024-10-29 05:59:10.737 [info] fatal: not a git repository (or any parent up to mount point /home/y)
Stopping at filesystem boundary (GIT_DISCOVERY_ACROSS_FILESYSTEM not set).
2024-10-29 05:59:36.408 [info] > git rev-parse --show-toplevel [1ms]
2024-10-29 05:59:36.408 [info] fatal: not a git repository (or any parent up to mount point /home/y)
Stopping at filesystem boundary (GIT_DISCOVERY_ACROSS_FILESYSTEM not set).
2024-10-29 05:59:36.444 [info] > git rev-parse --show-toplevel [4ms]
2024-10-29 05:59:36.444 [info] fatal: not a git repository (or any parent up to mount point /home/y)
Stopping at filesystem boundary (GIT_DISCOVERY_ACROSS_FILESYSTEM not set).
2024-10-29 05:59:36.455 [info] > git rev-parse --show-toplevel [4ms]
2024-10-29 06:03:42.548 [info] > git rev-parse --show-toplevel [2ms]
2024-10-29 06:03:47.713 [info] > git rev-parse --show-toplevel [2ms]
2024-10-29 06:03:47.713 [info] fatal: not a git repository (or any parent up to mount point /home/y)
Stopping at filesystem boundary (GIT_DISCOVERY_ACROSS_FILESYSTEM not set).
2024-10-29 06:14:18.093 [info] > git rev-parse --show-toplevel [1ms]
2024-10-29 06:14:21.302 [info] > git rev-parse --show-toplevel [2ms]
2024-10-29 06:14:21.302 [info] fatal: not a git repository (or any parent up to mount point /home/y)
Stopping at filesystem boundary (GIT_DISCOVERY_ACROSS_FILESYSTEM not set).
2024-10-29 06:14:24.325 [info] > git rev-parse --show-toplevel [1ms]
2024-10-29 06:14:24.325 [info] fatal: not a git repository (or any parent up to mount point /home/y)
Stopping at filesystem boundary (GIT_DISCOVERY_ACROSS_FILESYSTEM not set).
2024-10-29 06:14:24.332 [info] > git rev-parse --show-toplevel [1ms]
2024-10-29 06:14:24.332 [info] fatal: not a git repository (or any parent up to mount point /home/y)
Stopping at filesystem boundary (GIT_DISCOVERY_ACROSS_FILESYSTEM not set).
2024-10-29 06:14:27.144 [info] > git rev-parse --show-toplevel [1ms]
2024-10-29 06:14:27.144 [info] fatal: not a git repository (or any parent up to mount point /home/y)
Stopping at filesystem boundary (GIT_DISCOVERY_ACROSS_FILESYSTEM not set).
2024-10-29 06:14:27.158 [info] > git rev-parse --show-toplevel [1ms]
2024-10-29 06:14:27.158 [info] fatal: not a git repository (or any parent up to mount point /home/y)
Stopping at filesystem boundary (GIT_DISCOVERY_ACROSS_FILESYSTEM not set).
2024-10-29 06:14:27.164 [info] > git rev-parse --show-toplevel [1ms]
2024-10-29 06:15:19.851 [info] > git rev-parse --show-toplevel [2ms]
2024-10-29 06:15:19.851 [info] fatal: not a git repository (or any parent up to mount point /home/y)
Stopping at filesystem boundary (GIT_DISCOVERY_ACROSS_FILESYSTEM not set).
2024-10-29 06:15:24.964 [info] > git rev-parse --show-toplevel [2ms]
2024-10-29 06:15:24.964 [info] fatal: not a git repository (or any parent up to mount point /home/y)
Stopping at filesystem boundary (GIT_DISCOVERY_ACROSS_FILESYSTEM not set).
2024-10-29 06:15:24.972 [info] > git rev-parse --show-toplevel [1ms]
2024-10-29 06:15:40.453 [info] > git rev-parse --show-toplevel [2ms]
2024-10-29 06:15:40.453 [info] fatal: not a git repository (or any parent up to mount point /home/y)
Stopping at filesystem boundary (GIT_DISCOVERY_ACROSS_FILESYSTEM not set).
2024-10-29 06:15:52.877 [info] > git rev-parse --show-toplevel [6ms]
2024-10-29 06:15:52.877 [info] fatal: not a git repository (or any of the parent directories): .git
2024-10-29 06:16:01.720 [info] > git rev-parse --show-toplevel [1ms]
2024-10-29 06:16:01.720 [info] fatal: not a git repository (or any parent up to mount point /home/y)
Stopping at filesystem boundary (GIT_DISCOVERY_ACROSS_FILESYSTEM not set).
2024-10-29 06:16:01.727 [info] > git rev-parse --show-toplevel [1ms]
2024-10-29 06:16:46.596 [info] > git rev-parse --show-toplevel [2ms]
2024-10-29 06:16:46.596 [info] fatal: not a git repository (or any parent up to mount point /home/y)
Stopping at filesystem boundary (GIT_DISCOVERY_ACROSS_FILESYSTEM not set).
2024-10-29 06:16:46.630 [info] > git rev-parse --show-toplevel [2ms]
2024-10-29 06:16:46.630 [info] fatal: not a git repository (or any parent up to mount point /home/y)
Stopping at filesystem boundary (GIT_DISCOVERY_ACROSS_FILESYSTEM not set).
2024-10-29 06:16:46.638 [info] > git rev-parse --show-toplevel [1ms]
2024-10-29 06:17:25.710 [info] > git rev-parse --show-toplevel [2ms]
2024-10-29 06:17:25.710 [info] fatal: not a git repository (or any parent up to mount point /home/y)
Stopping at filesystem boundary (GIT_DISCOVERY_ACROSS_FILESYSTEM not set).
2024-10-29 06:17:25.736 [info] > git rev-parse --show-toplevel [1ms]
2024-10-29 06:17:25.736 [info] fatal: not a git repository (or any parent up to mount point /home/y)
Stopping at filesystem boundary (GIT_DISCOVERY_ACROSS_FILESYSTEM not set).
2024-10-29 06:17:25.745 [info] > git rev-parse --show-toplevel [2ms]
2024-10-29 06:17:46.175 [info] > git rev-parse --show-toplevel [2ms]
2024-10-29 06:17:46.175 [info] fatal: not a git repository (or any parent up to mount point /home/y)
Stopping at filesystem boundary (GIT_DISCOVERY_ACROSS_FILESYSTEM not set).
2024-10-29 06:17:46.224 [info] > git rev-parse --show-toplevel [2ms]
2024-10-29 06:17:46.224 [info] fatal: not a git repository (or any parent up to mount point /home/y)
Stopping at filesystem boundary (GIT_DISCOVERY_ACROSS_FILESYSTEM not set).
2024-10-29 06:17:46.231 [info] > git rev-parse --show-toplevel [1ms]
2024-10-29 06:18:08.524 [info] > git rev-parse --show-toplevel [1ms]
2024-10-29 06:18:08.524 [info] fatal: not a git repository (or any parent up to mount point /home/y)
Stopping at filesystem boundary (GIT_DISCOVERY_ACROSS_FILESYSTEM not set).
2024-10-29 06:18:08.539 [info] > git rev-parse --show-toplevel [1ms]
2024-10-29 06:18:08.539 [info] fatal: not a git repository (or any parent up to mount point /home/y)
Stopping at filesystem boundary (GIT_DISCOVERY_ACROSS_FILESYSTEM not set).
2024-10-29 06:18:08.546 [info] > git rev-parse --show-toplevel [1ms]
2024-10-29 06:19:05.225 [info] > git rev-parse --show-toplevel [1ms]
2024-10-29 06:19:05.225 [info] fatal: not a git repository (or any parent up to mount point /home/y)
Stopping at filesystem boundary (GIT_DISCOVERY_ACROSS_FILESYSTEM not set).
2024-10-29 06:20:53.524 [info] > git rev-parse --show-toplevel [1ms]
2024-10-29 06:20:53.524 [info] fatal: not a git repository (or any of the parent directories): .git
2024-10-29 06:20:55.901 [info] > git rev-parse --show-toplevel [2ms]
2024-10-29 06:20:55.901 [info] fatal: not a git repository (or any parent up to mount point /home/y)
Stopping at filesystem boundary (GIT_DISCOVERY_ACROSS_FILESYSTEM not set).
2024-10-29 06:20:55.908 [info] > git rev-parse --show-toplevel [1ms]
2024-10-29 06:22:45.684 [info] > git rev-parse --show-toplevel [1ms]
2024-10-29 06:22:45.684 [info] fatal: not a git repository (or any parent up to mount point /home/y)
Stopping at filesystem boundary (GIT_DISCOVERY_ACROSS_FILESYSTEM not set).
2024-10-29 06:22:45.706 [info] > git rev-parse --show-toplevel [1ms]
2024-10-29 06:22:45.706 [info] fatal: not a git repository (or any parent up to mount point /home/y)
Stopping at filesystem boundary (GIT_DISCOVERY_ACROSS_FILESYSTEM not set).
2024-10-29 06:22:45.713 [info] > git rev-parse --show-toplevel [1ms]
2024-10-29 06:25:50.596 [info] > git rev-parse --show-toplevel [1ms]
2024-10-29 06:25:50.596 [info] fatal: not a git repository (or any parent up to mount point /home/y)
Stopping at filesystem boundary (GIT_DISCOVERY_ACROSS_FILESYSTEM not set).
2024-10-29 06:25:50.619 [info] > git rev-parse --show-toplevel [2ms]
2024-10-29 06:25:50.619 [info] fatal: not a git repository (or any parent up to mount point /home/y)
Stopping at filesystem boundary (GIT_DISCOVERY_ACROSS_FILESYSTEM not set).
2024-10-29 06:25:50.625 [info] > git rev-parse --show-toplevel [1ms]
2024-10-29 06:28:00.008 [info] > git rev-parse --show-toplevel [2ms]
2024-10-29 06:28:00.008 [info] fatal: not a git repository (or any parent up to mount point /home/y)
Stopping at filesystem boundary (GIT_DISCOVERY_ACROSS_FILESYSTEM not set).
2024-10-29 06:28:00.026 [info] > git rev-parse --show-toplevel [2ms]
2024-10-29 06:28:00.026 [info] fatal: not a git repository (or any parent up to mount point /home/y)
Stopping at filesystem boundary (GIT_DISCOVERY_ACROSS_FILESYSTEM not set).
2024-10-29 06:28:00.034 [info] > git rev-parse --show-toplevel [1ms]
2024-10-29 06:30:16.969 [info] > git rev-parse --show-toplevel [1ms]
2024-10-29 06:30:16.969 [info] fatal: not a git repository (or any parent up to mount point /home/y)
Stopping at filesystem boundary (GIT_DISCOVERY_ACROSS_FILESYSTEM not set).
2024-10-29 06:30:16.993 [info] > git rev-parse --show-toplevel [1ms]
2024-10-29 06:30:16.993 [info] fatal: not a git repository (or any parent up to mount point /home/y)
Stopping at filesystem boundary (GIT_DISCOVERY_ACROSS_FILESYSTEM not set).
2024-10-29 06:30:17.002 [info] > git rev-parse --show-toplevel [2ms]
2024-10-29 06:32:41.334 [info] > git rev-parse --show-toplevel [1ms]
2024-10-29 06:32:41.335 [info] fatal: not a git repository (or any parent up to mount point /home/y)
Stopping at filesystem boundary (GIT_DISCOVERY_ACROSS_FILESYSTEM not set).
2024-10-29 06:32:41.359 [info] > git rev-parse --show-toplevel [2ms]
2024-10-29 06:32:41.359 [info] fatal: not a git repository (or any parent up to mount point /home/y)
Stopping at filesystem boundary (GIT_DISCOVERY_ACROSS_FILESYSTEM not set).
2024-10-29 06:32:41.368 [info] > git rev-parse --show-toplevel [1ms]
2024-10-29 06:33:14.949 [info] > git rev-parse --show-toplevel [1ms]
2024-10-29 06:33:14.949 [info] fatal: not a git repository (or any parent up to mount point /home/y)
Stopping at filesystem boundary (GIT_DISCOVERY_ACROSS_FILESYSTEM not set).
2024-10-29 06:33:14.995 [info] > git rev-parse --show-toplevel [1ms]
2024-10-29 06:33:14.995 [info] fatal: not a git repository (or any parent up to mount point /home/y)
Stopping at filesystem boundary (GIT_DISCOVERY_ACROSS_FILESYSTEM not set).
2024-10-29 06:33:15.003 [info] > git rev-parse --show-toplevel [2ms]
2024-10-29 06:36:59.646 [info] > git rev-parse --show-toplevel [1ms]
2024-10-29 06:36:59.646 [info] fatal: not a git repository (or any parent up to mount point /home/y)
Stopping at filesystem boundary (GIT_DISCOVERY_ACROSS_FILESYSTEM not set).
2024-10-29 06:36:59.696 [info] > git rev-parse --show-toplevel [2ms]
2024-10-29 06:36:59.696 [info] fatal: not a git repository (or any parent up to mount point /home/y)
Stopping at filesystem boundary (GIT_DISCOVERY_ACROSS_FILESYSTEM not set).
2024-10-29 06:36:59.703 [info] > git rev-parse --show-toplevel [1ms]
2024-10-29 06:37:16.260 [info] > git rev-parse --show-toplevel [1ms]
2024-10-29 06:37:16.260 [info] fatal: not a git repository (or any parent up to mount point /home/y)
Stopping at filesystem boundary (GIT_DISCOVERY_ACROSS_FILESYSTEM not set).
2024-10-29 06:37:16.310 [info] > git rev-parse --show-toplevel [2ms]
2024-10-29 06:37:16.310 [info] fatal: not a git repository (or any parent up to mount point /home/y)
Stopping at filesystem boundary (GIT_DISCOVERY_ACROSS_FILESYSTEM not set).
2024-10-29 06:37:16.318 [info] > git rev-parse --show-toplevel [1ms]
2024-10-29 06:37:51.302 [info] > git rev-parse --show-toplevel [1ms]
2024-10-29 06:37:51.302 [info] fatal: not a git repository (or any parent up to mount point /home/y)
Stopping at filesystem boundary (GIT_DISCOVERY_ACROSS_FILESYSTEM not set).
2024-10-29 06:37:51.323 [info] > git rev-parse --show-toplevel [1ms]
2024-10-29 06:37:51.323 [info] fatal: not a git repository (or any parent up to mount point /home/y)
Stopping at filesystem boundary (GIT_DISCOVERY_ACROSS_FILESYSTEM not set).
2024-10-29 06:37:51.330 [info] > git rev-parse --show-toplevel [2ms]
2024-10-29 06:38:04.105 [info] > git rev-parse --show-toplevel [1ms]
2024-10-29 06:38:22.410 [info] > git rev-parse --show-toplevel [2ms]
2024-10-29 06:38:52.896 [info] > git rev-parse --show-toplevel [2ms]
2024-10-29 06:38:52.896 [info] fatal: not a git repository (or any parent up to mount point /home/y)
Stopping at filesystem boundary (GIT_DISCOVERY_ACROSS_FILESYSTEM not set).
2024-10-29 06:38:54.511 [info] > git rev-parse --show-toplevel [1ms]
2024-10-29 06:38:54.511 [info] fatal: not a git repository (or any of the parent directories): .git
2024-10-29 06:38:59.651 [info] > git rev-parse --show-toplevel [1ms]
2024-10-29 06:38:59.651 [info] fatal: not a git repository (or any of the parent directories): .git
2024-10-29 06:39:38.524 [info] [main] Log level: Info
2024-10-29 06:39:38.525 [info] [main] Validating found git in: "git"
2024-10-29 06:39:38.525 [info] [main] Using git "2.46.1" from "git"
2024-10-29 06:39:38.525 [info] [Model][doInitialScan] Initial repository scan started
2024-10-29 06:39:38.525 [info] > git rev-parse --show-toplevel [7ms]
2024-10-29 06:39:38.533 [info] > git rev-parse --git-dir --git-common-dir [3ms]
2024-10-29 06:39:38.544 [info] [Model][openRepository] Opened repository: /home/y/BIGDATA/GitHub/nix
2024-10-29 06:39:38.562 [info] > git rev-parse --show-toplevel [3ms]
2024-10-29 06:39:38.563 [info] > git config --get commit.template [9ms]
2024-10-29 06:39:38.605 [info] > git rev-parse --show-toplevel [19ms]
2024-10-29 06:39:38.612 [info] > git for-each-ref --format=%(refname)%00%(upstream:short)%00%(objectname)%00%(upstream:track)%00%(upstream:remotename)%00%(upstream:remoteref) refs/heads/main refs/remotes/main [8ms]
2024-10-29 06:39:38.614 [info] > git rev-parse --show-toplevel [2ms]
2024-10-29 06:39:38.634 [info] > git status -z -uall [8ms]
2024-10-29 06:39:38.635 [info] > git rev-parse --show-toplevel [16ms]
2024-10-29 06:39:38.635 [info] [Model][doInitialScan] Initial repository scan completed - repositories (1), closed repositories (0), parent repositories (0), unsafe repositories (0)
2024-10-29 06:39:38.636 [info] > git for-each-ref --sort -committerdate --format %(refname) %(objectname) %(*objectname) [4ms]
2024-10-29 06:39:38.658 [info] > git for-each-ref --format=%(refname)%00%(upstream:short)%00%(objectname)%00%(upstream:track)%00%(upstream:remotename)%00%(upstream:remoteref) refs/heads/main refs/remotes/main [11ms]
2024-10-29 06:39:38.672 [info] > git config --local branch.main.vscode-merge-base [7ms]
2024-10-29 06:39:38.673 [warning] [Git][config] git config failed: Failed to execute git
2024-10-29 06:39:38.679 [info] > git config --get commit.template [22ms]
2024-10-29 06:39:38.718 [info] > git reflog main --grep-reflog=branch: Created from *. [39ms]
2024-10-29 06:39:38.727 [info] > git symbolic-ref --short refs/remotes/origin/HEAD [4ms]
2024-10-29 06:39:38.733 [info] > git for-each-ref --format=%(refname)%00%(upstream:short)%00%(objectname)%00%(upstream:track)%00%(upstream:remotename)%00%(upstream:remoteref) refs/heads/main refs/remotes/main [16ms]
2024-10-29 06:39:38.735 [info] > git for-each-ref --format=%(refname)%00%(upstream:short)%00%(objectname)%00%(upstream:track)%00%(upstream:remotename)%00%(upstream:remoteref) refs/heads/origin/main refs/remotes/origin/main [3ms]
2024-10-29 06:39:38.754 [info] > git status -z -uall [7ms]
2024-10-29 06:39:38.754 [info] > git config --local branch.main.vscode-merge-base origin/main [14ms]
2024-10-29 06:39:38.755 [info] > git for-each-ref --sort -committerdate --format %(refname) %(objectname) %(*objectname) [3ms] (cancelled)
2024-10-29 06:39:38.770 [info] > git for-each-ref --format=%(refname)%00%(upstream:short)%00%(objectname)%00%(upstream:track)%00%(upstream:remotename)%00%(upstream:remoteref) refs/heads/main refs/remotes/main [8ms]
2024-10-29 06:39:38.777 [info] > git config --get commit.template [9ms]
2024-10-29 06:39:38.778 [info] > git config --local branch.main.vscode-merge-base [2ms]
2024-10-29 06:39:38.790 [info] > git for-each-ref --format=%(refname)%00%(upstream:short)%00%(objectname)%00%(upstream:track)%00%(upstream:remotename)%00%(upstream:remoteref) refs/heads/origin/main refs/remotes/origin/main [5ms]
2024-10-29 06:39:38.808 [info] > git merge-base refs/heads/main refs/remotes/origin/main [11ms]
2024-10-29 06:39:38.814 [info] > git for-each-ref --format=%(refname)%00%(upstream:short)%00%(objectname)%00%(upstream:track)%00%(upstream:remotename)%00%(upstream:remoteref) refs/heads/main refs/remotes/main [24ms]
2024-10-29 06:39:38.828 [info] > git status -z -uall [8ms]
2024-10-29 06:39:38.828 [info] > git for-each-ref --sort -committerdate --format %(refname) %(objectname) %(*objectname) [2ms]
2024-10-29 06:39:38.843 [info] > git diff --name-status -z --diff-filter=ADMR cef8450410f2099b4102505b1e9d5d8386530c81...refs/remotes/origin/main [30ms]
2024-10-29 06:39:38.844 [info] > git merge-base refs/heads/main refs/remotes/origin/main [8ms]
2024-10-29 06:39:38.851 [info] > git merge-base refs/heads/main refs/remotes/origin/main [9ms]
2024-10-29 06:39:38.858 [info] > git diff --name-status -z --diff-filter=ADMR cef8450410f2099b4102505b1e9d5d8386530c81...refs/remotes/origin/main [8ms]
2024-10-29 06:39:38.859 [info] > git diff --name-status -z --diff-filter=ADMR cef8450410f2099b4102505b1e9d5d8386530c81...refs/remotes/origin/main [2ms]
2024-10-29 06:39:39.077 [info] > git check-ignore -v -z --stdin [2ms]
2024-10-29 06:39:42.945 [info] > git show --textconv :shell.nix [7ms]
2024-10-29 06:39:42.946 [info] > git ls-files --stage -- /home/y/BIGDATA/GitHub/nix/shell.nix [2ms]
2024-10-29 06:39:42.955 [info] > git cat-file -s 678b25b5bbf665d77a3de49eb6bb26467b66dd00 [3ms]
2024-10-29 06:39:52.217 [info] > git check-ignore -v -z --stdin [2ms]
2024-10-29 06:40:44.030 [info] > git config --get commit.template [7ms]
2024-10-29 06:40:44.031 [info] > git ls-files --stage -- /home/y/BIGDATA/GitHub/nix/shell.nix [2ms]
2024-10-29 06:40:44.044 [info] > git cat-file -s ebf635752ce288e15e85444cf5bfad255e54de3e [7ms]
2024-10-29 06:40:44.045 [info] > git for-each-ref --format=%(refname)%00%(upstream:short)%00%(objectname)%00%(upstream:track)%00%(upstream:remotename)%00%(upstream:remoteref) refs/heads/main refs/remotes/main [2ms]
2024-10-29 06:40:44.065 [info] > git show --textconv :shell.nix [14ms]
2024-10-29 06:40:44.065 [info] > git status -z -uall [7ms]
2024-10-29 06:40:44.066 [info] > git for-each-ref --sort -committerdate --format %(refname) %(objectname) %(*objectname) [2ms]
2024-10-29 06:40:44.081 [info] > git merge-base refs/heads/main refs/remotes/origin/main [3ms]
2024-10-29 06:40:44.089 [info] > git diff --name-status -z --diff-filter=ADMR 89048dde71c34675fd8522a57a337ce7c6308b93...refs/remotes/origin/main [2ms]
2024-10-29 06:40:49.099 [info] > git config --get commit.template [6ms]
2024-10-29 06:40:49.099 [info] > git for-each-ref --format=%(refname)%00%(upstream:short)%00%(objectname)%00%(upstream:track)%00%(upstream:remotename)%00%(upstream:remoteref) refs/heads/main refs/remotes/main [1ms]
2024-10-29 06:40:49.111 [info] > git status -z -uall [6ms]
2024-10-29 06:40:49.112 [info] > git for-each-ref --sort -committerdate --format %(refname) %(objectname) %(*objectname) [2ms]
2024-10-29 06:40:50.206 [info] > git show --textconv :system/pc-kde.nix [7ms]
2024-10-29 06:40:50.207 [info] > git ls-files --stage -- /home/y/BIGDATA/GitHub/nix/system/pc-kde.nix [1ms]
2024-10-29 06:40:50.217 [info] > git cat-file -s a6a20b9f823f60394028ae642904c536ee8c410e [1ms]
2024-10-29 06:41:00.781 [info] > git show --textconv :system/vm-kde.nix [6ms]
2024-10-29 06:41:00.782 [info] > git ls-files --stage -- /home/y/BIGDATA/GitHub/nix/system/vm-kde.nix [1ms]
2024-10-29 06:41:00.788 [info] > git cat-file -s e247e1878c7ba8b14c5acfeb6bf76f8a1a8cab80 [1ms]
2024-10-29 06:41:19.534 [info] > git show --textconv :system/pc-hypr.nix [7ms]
2024-10-29 06:41:19.535 [info] > git ls-files --stage -- /home/y/BIGDATA/GitHub/nix/system/pc-hypr.nix [2ms]
2024-10-29 06:41:19.542 [info] > git cat-file -s 320b530491ca9d738d535eca1538c318c0cadfa4 [1ms]
2024-10-29 06:42:50.904 [info] > git show --textconv :system/vm-kde.nix [6ms]
2024-10-29 06:42:50.905 [info] > git ls-files --stage -- /home/y/BIGDATA/GitHub/nix/system/vm-kde.nix [1ms]
2024-10-29 06:42:50.911 [info] > git cat-file -s e247e1878c7ba8b14c5acfeb6bf76f8a1a8cab80 [1ms]
2024-10-29 06:43:06.004 [info] > git show --textconv :system/pc-hypr.nix [7ms]
2024-10-29 06:43:06.005 [info] > git ls-files --stage -- /home/y/BIGDATA/GitHub/nix/system/pc-hypr.nix [2ms]
2024-10-29 06:43:06.011 [info] > git cat-file -s 320b530491ca9d738d535eca1538c318c0cadfa4 [1ms]
2024-10-29 06:43:16.169 [info] > git show --textconv :system/vm-kde.nix [7ms]
2024-10-29 06:43:16.170 [info] > git ls-files --stage -- /home/y/BIGDATA/GitHub/nix/system/vm-kde.nix [2ms]
2024-10-29 06:43:16.180 [info] > git cat-file -s e247e1878c7ba8b14c5acfeb6bf76f8a1a8cab80 [2ms]
2024-10-29 06:43:23.353 [info] > git config --get commit.template [7ms]
2024-10-29 06:43:23.354 [info] > git for-each-ref --format=%(refname)%00%(upstream:short)%00%(objectname)%00%(upstream:track)%00%(upstream:remotename)%00%(upstream:remoteref) refs/heads/main refs/remotes/main [2ms]
2024-10-29 06:43:23.365 [info] > git status -z -uall [6ms]
2024-10-29 06:43:23.366 [info] > git for-each-ref --sort -committerdate --format %(refname) %(objectname) %(*objectname) [2ms]
2024-10-29 06:43:34.720 [info] > git show --textconv :system/pc-kde.nix [5ms]
2024-10-29 06:43:34.721 [info] > git ls-files --stage -- /home/y/BIGDATA/GitHub/nix/system/pc-kde.nix [1ms]
2024-10-29 06:43:34.727 [info] > git cat-file -s a6a20b9f823f60394028ae642904c536ee8c410e [1ms]
2024-10-29 06:43:42.790 [info] > git config --get commit.template [6ms]
2024-10-29 06:43:42.791 [info] > git for-each-ref --format=%(refname)%00%(upstream:short)%00%(objectname)%00%(upstream:track)%00%(upstream:remotename)%00%(upstream:remoteref) refs/heads/main refs/remotes/main [1ms]
2024-10-29 06:43:42.803 [info] > git status -z -uall [6ms]
2024-10-29 06:43:42.805 [info] > git for-each-ref --sort -committerdate --format %(refname) %(objectname) %(*objectname) [1ms]
2024-10-29 06:43:43.463 [info] > git show --textconv :system/vm-kde.nix [7ms]
2024-10-29 06:43:43.464 [info] > git ls-files --stage -- /home/y/BIGDATA/GitHub/nix/system/vm-kde.nix [2ms]
2024-10-29 06:43:43.470 [info] > git cat-file -s e247e1878c7ba8b14c5acfeb6bf76f8a1a8cab80 [1ms]
2024-10-29 06:44:08.449 [info] > git config --get commit.template [6ms]
2024-10-29 06:44:08.450 [info] > git for-each-ref --format=%(refname)%00%(upstream:short)%00%(objectname)%00%(upstream:track)%00%(upstream:remotename)%00%(upstream:remoteref) refs/heads/main refs/remotes/main [2ms]
2024-10-29 06:44:08.465 [info] > git status -z -uall [9ms]
2024-10-29 06:44:08.473 [info] > git for-each-ref --sort -committerdate --format %(refname) %(objectname) %(*objectname) [9ms]
2024-10-29 06:44:08.486 [info] > git merge-base refs/heads/main refs/remotes/origin/main [3ms]
2024-10-29 06:44:08.493 [info] > git ls-files --stage -- /home/y/BIGDATA/GitHub/nix/system/vm-kde.nix [21ms]
2024-10-29 06:44:08.501 [info] > git diff --name-status -z --diff-filter=ADMR 09e3d1f604349ce8b7263d863336c512efae6653...refs/remotes/origin/main [8ms]
2024-10-29 06:44:08.503 [info] > git cat-file -s 5b3d5765d9b60f2cd98c7ffd9bde31ead7818095 [3ms]
2024-10-29 06:44:08.511 [info] > git show --textconv :system/vm-kde.nix [2ms]
2024-10-29 06:54:36.145 [info] > git config --get commit.template [12ms]
2024-10-29 06:54:36.146 [info] > git for-each-ref --format=%(refname)%00%(upstream:short)%00%(objectname)%00%(upstream:track)%00%(upstream:remotename)%00%(upstream:remoteref) refs/heads/main refs/remotes/main [2ms]
2024-10-29 06:54:36.159 [info] > git status -z -uall [6ms]
2024-10-29 06:54:36.160 [info] > git for-each-ref --sort -committerdate --format %(refname) %(objectname) %(*objectname) [1ms]
2024-10-29 06:54:40.772 [info] > git show --textconv :configuration.nix [8ms]
2024-10-29 06:54:40.773 [info] > git ls-files --stage -- /home/y/BIGDATA/GitHub/nix/configuration.nix [2ms]
2024-10-29 06:54:40.781 [info] > git cat-file -s 8df021322a0795cbf89a7623c6f73cba67a7b635 [2ms]
2024-10-29 06:54:57.338 [info] > git show --textconv :system/vm-kde.nix [7ms]
2024-10-29 06:54:57.339 [info] > git ls-files --stage -- /home/y/BIGDATA/GitHub/nix/system/vm-kde.nix [2ms]
2024-10-29 06:54:57.346 [info] > git cat-file -s 5b3d5765d9b60f2cd98c7ffd9bde31ead7818095 [1ms]
2024-10-29 06:55:02.011 [info] > git show --textconv :flake.lock [6ms]
2024-10-29 06:55:02.012 [info] > git ls-files --stage -- /home/y/BIGDATA/GitHub/nix/flake.lock [1ms]
2024-10-29 06:55:02.018 [info] > git cat-file -s 83f2f6619e2e3f44aa593cf28d2afdf5421518bd [1ms]
2024-10-29 06:55:03.049 [info] > git show --textconv :configuration.nix [6ms]
2024-10-29 06:55:03.050 [info] > git ls-files --stage -- /home/y/BIGDATA/GitHub/nix/configuration.nix [2ms]
2024-10-29 06:55:03.056 [info] > git cat-file -s 8df021322a0795cbf89a7623c6f73cba67a7b635 [2ms]
2024-10-29 07:08:48.577 [info] > git show --textconv :flake.lock [6ms]
2024-10-29 07:08:48.578 [info] > git ls-files --stage -- /home/y/BIGDATA/GitHub/nix/flake.lock [2ms]
2024-10-29 07:08:48.584 [info] > git cat-file -s 83f2f6619e2e3f44aa593cf28d2afdf5421518bd [1ms]
2024-10-29 07:08:50.744 [info] > git show --textconv :system/vm-kde.nix [6ms]
2024-10-29 07:08:50.745 [info] > git ls-files --stage -- /home/y/BIGDATA/GitHub/nix/system/vm-kde.nix [1ms]
2024-10-29 07:08:50.752 [info] > git cat-file -s 5b3d5765d9b60f2cd98c7ffd9bde31ead7818095 [1ms]
2024-10-29 07:08:52.156 [info] > git show --textconv :system/pc-kde.nix [7ms]
2024-10-29 07:08:52.157 [info] > git ls-files --stage -- /home/y/BIGDATA/GitHub/nix/system/pc-kde.nix [1ms]
2024-10-29 07:08:52.163 [info] > git cat-file -s ecfbfd6cbd5c99d399f53c207a531f5ed835d5ff [2ms]
2024-10-29 07:08:53.177 [info] > git show --textconv :shell.nix [7ms]
2024-10-29 07:08:53.178 [info] > git ls-files --stage -- /home/y/BIGDATA/GitHub/nix/shell.nix [2ms]
2024-10-29 07:08:53.184 [info] > git cat-file -s ebf635752ce288e15e85444cf5bfad255e54de3e [1ms]
