2024-11-04 10:38:36.618 [info] [main] Log level: Info
2024-11-04 10:38:36.618 [info] [main] Validating found git in: "git"
2024-11-04 10:38:36.618 [info] [main] Using git "2.47.0" from "git"
2024-11-04 10:38:36.618 [info] [Model][doInitialScan] Initial repository scan started
2024-11-04 10:38:36.618 [info] > git rev-parse --show-toplevel [6ms]
2024-11-04 10:38:36.618 [info] > git rev-parse --git-dir --git-common-dir [2ms]
2024-11-04 10:38:36.618 [info] [Model][openRepository] Opened repository: /home/y/BIGDATA/GitHub/nix
2024-11-04 10:38:36.640 [info] > git config --get commit.template [15ms]
2024-11-04 10:38:36.643 [info] > git rev-parse --show-toplevel [4ms]
2024-11-04 10:38:36.656 [info] > git for-each-ref --format=%(refname)%00%(upstream:short)%00%(objectname)%00%(upstream:track)%00%(upstream:remotename)%00%(upstream:remoteref) refs/heads/main refs/remotes/main [7ms]
2024-11-04 10:38:36.658 [info] > git rev-parse --show-toplevel [2ms]
2024-11-04 10:38:36.683 [info] > git status -z -uall [8ms]
2024-11-04 10:38:36.683 [info] > git rev-parse --show-toplevel [21ms]
2024-11-04 10:38:36.686 [info] > git for-each-ref --sort -committerdate --format %(refname) %(objectname) %(*objectname) [5ms]
2024-11-04 10:38:36.727 [info] > git for-each-ref --format=%(refname)%00%(upstream:short)%00%(objectname)%00%(upstream:track)%00%(upstream:remotename)%00%(upstream:remoteref) refs/heads/main refs/remotes/main [27ms]
2024-11-04 10:38:36.736 [info] > git config --get commit.template [14ms]
2024-11-04 10:38:36.736 [info] > git rev-parse --show-toplevel [22ms]
2024-11-04 10:38:36.745 [info] > git config --local branch.main.vscode-merge-base [12ms]
2024-11-04 10:38:36.756 [info] > git rev-parse --show-toplevel [12ms]
2024-11-04 10:38:36.756 [info] [Model][doInitialScan] Initial repository scan completed - repositories (1), closed repositories (0), parent repositories (0), unsafe repositories (0)
2024-11-04 10:38:36.757 [info] > git for-each-ref --format=%(refname)%00%(upstream:short)%00%(objectname)%00%(upstream:track)%00%(upstream:remotename)%00%(upstream:remoteref) refs/heads/origin/main refs/remotes/origin/main [7ms]
2024-11-04 10:38:36.776 [info] > git merge-base refs/heads/main refs/remotes/origin/main [13ms]
2024-11-04 10:38:36.782 [info] > git for-each-ref --format=%(refname)%00%(upstream:short)%00%(objectname)%00%(upstream:track)%00%(upstream:remotename)%00%(upstream:remoteref) refs/heads/main refs/remotes/main [27ms]
2024-11-04 10:38:36.817 [info] > git diff --name-status -z --diff-filter=ADMR 916558bdb0c7315d65ea3c76ea2dda4d7afae3eb...refs/remotes/origin/main [35ms]
2024-11-04 10:38:36.839 [info] > git status -z -uall [7ms]
2024-11-04 10:38:36.840 [info] > git for-each-ref --sort -committerdate --format %(refname) %(objectname) %(*objectname) [2ms]
2024-11-04 10:38:36.918 [info] > git show --textconv :configuration.nix [6ms]
2024-11-04 10:38:36.919 [info] > git ls-files --stage -- /home/y/BIGDATA/GitHub/nix/configuration.nix [1ms]
2024-11-04 10:38:36.925 [info] > git cat-file -s a6e1d4c15a38bfd6e92f3efdc2b8289441cf54a4 [1ms]
2024-11-04 10:38:37.130 [info] > git check-ignore -v -z --stdin [2ms]
2024-11-04 10:38:57.444 [info] > git rev-parse --show-toplevel [1ms]
2024-11-04 10:38:57.444 [info] fatal: not a git repository (or any of the parent directories): .git
2024-11-04 10:39:03.235 [info] > git show --textconv :configuration.nix [7ms]
2024-11-04 10:39:03.236 [info] > git ls-files --stage -- /home/y/BIGDATA/GitHub/nix/configuration.nix [2ms]
2024-11-04 10:39:03.247 [info] > git cat-file -s a6e1d4c15a38bfd6e92f3efdc2b8289441cf54a4 [2ms]
2024-11-04 10:39:12.732 [info] [main] Log level: Info
2024-11-04 10:39:12.732 [info] [main] Validating found git in: "git"
2024-11-04 10:39:12.732 [info] [main] Using git "2.47.0" from "git"
2024-11-04 10:39:12.732 [info] [Model][doInitialScan] Initial repository scan started
2024-11-04 10:39:12.732 [info] > git rev-parse --show-toplevel [5ms]
2024-11-04 10:39:12.732 [info] fatal: not a git repository (or any of the parent directories): .git
2024-11-04 10:39:12.738 [info] > git rev-parse --show-toplevel [6ms]
2024-11-04 10:39:12.738 [info] fatal: not a git repository (or any of the parent directories): .git
2024-11-04 10:39:12.746 [info] > git rev-parse --show-toplevel [1ms]
2024-11-04 10:39:12.746 [info] fatal: not a git repository (or any of the parent directories): .git
2024-11-04 10:39:12.747 [info] [Model][doInitialScan] Initial repository scan completed - repositories (0), closed repositories (0), parent repositories (0), unsafe repositories (0)
2024-11-04 10:39:14.258 [info] > git rev-parse --show-toplevel [1ms]
2024-11-04 10:39:14.258 [info] fatal: not a git repository (or any of the parent directories): .git
2024-11-04 10:39:16.339 [info] > git rev-parse --show-toplevel [1ms]
2024-11-04 10:39:16.339 [info] fatal: not a git repository (or any of the parent directories): .git
2024-11-04 11:02:12.025 [info] > git rev-parse --show-toplevel [2ms]
2024-11-04 11:02:12.025 [info] fatal: not a git repository (or any of the parent directories): .git
