2024-11-03 20:19:04.272 [info] [main] Log level: Info
2024-11-03 20:19:04.272 [info] [main] Validating found git in: "git"
2024-11-03 20:19:04.272 [info] [main] Using git "2.46.1" from "git"
2024-11-03 20:19:04.272 [info] [Model][doInitialScan] Initial repository scan started
2024-11-03 20:19:04.272 [info] > git rev-parse --show-toplevel [10ms]
2024-11-03 20:19:04.272 [info] > git rev-parse --git-dir --git-common-dir [4ms]
2024-11-03 20:19:04.272 [info] [Model][openRepository] Opened repository: /home/y/BIGDATA/GitHub/nix
2024-11-03 20:19:04.272 [info] > git rev-parse --show-toplevel [5ms]
2024-11-03 20:19:04.272 [info] > git config --get commit.template [12ms]
2024-11-03 20:19:04.285 [info] > git rev-parse --show-toplevel [8ms]
2024-11-03 20:19:04.291 [info] > git for-each-ref --format=%(refname)%00%(upstream:short)%00%(objectname)%00%(upstream:track)%00%(upstream:remotename)%00%(upstream:remoteref) refs/heads/main refs/remotes/main [8ms]
2024-11-03 20:19:04.293 [info] > git rev-parse --show-toplevel [1ms]
2024-11-03 20:19:04.322 [info] > git status -z -uall [21ms]
2024-11-03 20:19:04.323 [info] > git rev-parse --show-toplevel [7ms]
2024-11-03 20:19:04.323 [info] > git for-each-ref --sort -committerdate --format %(refname) %(objectname) %(*objectname) [14ms]
2024-11-03 20:19:04.357 [info] > git for-each-ref --format=%(refname)%00%(upstream:short)%00%(objectname)%00%(upstream:track)%00%(upstream:remotename)%00%(upstream:remoteref) refs/heads/main refs/remotes/main [21ms]
2024-11-03 20:19:04.366 [info] > git config --get commit.template [9ms]
2024-11-03 20:19:04.366 [info] > git rev-parse --show-toplevel [17ms]
2024-11-03 20:19:04.373 [info] > git config --local branch.main.vscode-merge-base [9ms]
2024-11-03 20:19:04.385 [info] > git rev-parse --show-toplevel [13ms]
2024-11-03 20:19:04.386 [info] [Model][doInitialScan] Initial repository scan completed - repositories (1), closed repositories (0), parent repositories (0), unsafe repositories (0)
2024-11-03 20:19:04.388 [info] > git for-each-ref --format=%(refname)%00%(upstream:short)%00%(objectname)%00%(upstream:track)%00%(upstream:remotename)%00%(upstream:remoteref) refs/heads/main refs/remotes/main [3ms]
2024-11-03 20:19:04.388 [info] > git for-each-ref --format=%(refname)%00%(upstream:short)%00%(objectname)%00%(upstream:track)%00%(upstream:remotename)%00%(upstream:remoteref) refs/heads/origin/main refs/remotes/origin/main [9ms]
2024-11-03 20:19:04.407 [info] > git merge-base refs/heads/main refs/remotes/origin/main [12ms]
2024-11-03 20:19:04.449 [info] > git diff --name-status -z --diff-filter=ADMR bbf4d119fe1672fcdaa76d26b4c75cec234f4cd0...refs/remotes/origin/main [35ms]
2024-11-03 20:19:04.471 [info] > git status -z -uall [7ms]
2024-11-03 20:19:04.473 [info] > git for-each-ref --sort -committerdate --format %(refname) %(objectname) %(*objectname) [3ms]
2024-11-03 20:19:04.575 [info] > git show --textconv :system/pc-hypr.nix [6ms]
2024-11-03 20:19:04.576 [info] > git ls-files --stage -- /home/y/BIGDATA/GitHub/nix/system/pc-hypr.nix [2ms]
2024-11-03 20:19:04.583 [info] > git cat-file -s ce052400eb2427fdd9da256558204628b947d0f4 [2ms]
2024-11-03 20:19:04.851 [info] > git check-ignore -v -z --stdin [3ms]
2024-11-03 20:19:48.606 [info] > git show --textconv :system/pc-hypr.nix [6ms]
2024-11-03 20:19:48.607 [info] > git ls-files --stage -- /home/y/BIGDATA/GitHub/nix/system/pc-hypr.nix [2ms]
2024-11-03 20:19:48.613 [info] > git cat-file -s ce052400eb2427fdd9da256558204628b947d0f4 [2ms]
2024-11-03 20:20:07.327 [info] > git config --get commit.template [6ms]
2024-11-03 20:20:07.328 [info] > git for-each-ref --format=%(refname)%00%(upstream:short)%00%(objectname)%00%(upstream:track)%00%(upstream:remotename)%00%(upstream:remoteref) refs/heads/main refs/remotes/main [2ms]
2024-11-03 20:20:07.340 [info] > git status -z -uall [7ms]
2024-11-03 20:20:07.342 [info] > git for-each-ref --sort -committerdate --format %(refname) %(objectname) %(*objectname) [3ms]
2024-11-03 20:20:24.760 [info] > git config --get commit.template [10ms]
2024-11-03 20:20:24.766 [info] > git ls-files --stage -- /home/y/BIGDATA/GitHub/nix/system/pc-hypr.nix [7ms]
2024-11-03 20:20:24.773 [info] > git for-each-ref --format=%(refname)%00%(upstream:short)%00%(objectname)%00%(upstream:track)%00%(upstream:remotename)%00%(upstream:remoteref) refs/heads/main refs/remotes/main [7ms]
2024-11-03 20:20:24.774 [info] > git cat-file -s e3b09924d6e261e546f0006753820fbba4e039a0 [2ms]
2024-11-03 20:20:24.786 [info] > git status -z -uall [7ms]
2024-11-03 20:20:24.792 [info] > git for-each-ref --sort -committerdate --format %(refname) %(objectname) %(*objectname) [7ms]
2024-11-03 20:20:24.806 [info] > git show --textconv :system/pc-hypr.nix [14ms]
2024-11-03 20:20:24.807 [info] > git merge-base refs/heads/main refs/remotes/origin/main [3ms]
2024-11-03 20:20:24.816 [info] > git diff --name-status -z --diff-filter=ADMR 592ba04cfb95a39deb0084dc5f7a13eff4e5ee19...refs/remotes/origin/main [2ms]
2024-11-03 20:20:29.823 [info] > git config --get commit.template [6ms]
2024-11-03 20:20:29.824 [info] > git for-each-ref --format=%(refname)%00%(upstream:short)%00%(objectname)%00%(upstream:track)%00%(upstream:remotename)%00%(upstream:remoteref) refs/heads/main refs/remotes/main [2ms]
2024-11-03 20:20:29.837 [info] > git status -z -uall [7ms]
2024-11-03 20:20:29.839 [info] > git for-each-ref --sort -committerdate --format %(refname) %(objectname) %(*objectname) [3ms]
2024-11-03 20:20:59.652 [info] > git check-ignore -v -z --stdin [1ms]
2024-11-03 20:21:02.280 [info] > git config --get commit.template [7ms]
2024-11-03 20:21:02.281 [info] > git for-each-ref --format=%(refname)%00%(upstream:short)%00%(objectname)%00%(upstream:track)%00%(upstream:remotename)%00%(upstream:remoteref) refs/heads/main refs/remotes/main [2ms]
2024-11-03 20:21:02.298 [info] > git status -z -uall [11ms]
2024-11-03 20:21:02.299 [info] > git for-each-ref --sort -committerdate --format %(refname) %(objectname) %(*objectname) [3ms]
2024-11-03 20:21:04.798 [info] > git show --textconv :system/vm-hypr.nix [7ms]
2024-11-03 20:21:04.799 [info] > git ls-files --stage -- /home/y/BIGDATA/GitHub/nix/system/vm-hypr.nix [2ms]
2024-11-03 20:21:22.429 [info] > git show --textconv :system/vm-kde.nix [7ms]
2024-11-03 20:21:22.430 [info] > git ls-files --stage -- /home/y/BIGDATA/GitHub/nix/system/vm-kde.nix [2ms]
2024-11-03 20:21:22.437 [info] > git cat-file -s 5b3d5765d9b60f2cd98c7ffd9bde31ead7818095 [2ms]
2024-11-03 20:21:31.508 [info] > git show --textconv :system/vm-hypr.nix [6ms]
2024-11-03 20:21:31.509 [info] > git ls-files --stage -- /home/y/BIGDATA/GitHub/nix/system/vm-hypr.nix [2ms]
2024-11-03 20:21:40.159 [info] > git config --get commit.template [7ms]
2024-11-03 20:21:40.160 [info] > git for-each-ref --format=%(refname)%00%(upstream:short)%00%(objectname)%00%(upstream:track)%00%(upstream:remotename)%00%(upstream:remoteref) refs/heads/main refs/remotes/main [2ms]
2024-11-03 20:21:40.173 [info] > git status -z -uall [7ms]
2024-11-03 20:21:40.174 [info] > git for-each-ref --sort -committerdate --format %(refname) %(objectname) %(*objectname) [2ms]
2024-11-03 20:24:43.578 [info] > git config --get commit.template [6ms]
2024-11-03 20:24:43.579 [info] > git for-each-ref --format=%(refname)%00%(upstream:short)%00%(objectname)%00%(upstream:track)%00%(upstream:remotename)%00%(upstream:remoteref) refs/heads/main refs/remotes/main [1ms]
2024-11-03 20:24:43.589 [info] > git status -z -uall [6ms]
2024-11-03 20:24:43.590 [info] > git for-each-ref --sort -committerdate --format %(refname) %(objectname) %(*objectname) [2ms]
2024-11-03 20:25:35.768 [info] > git config --get commit.template [7ms]
2024-11-03 20:25:35.769 [info] > git for-each-ref --format=%(refname)%00%(upstream:short)%00%(objectname)%00%(upstream:track)%00%(upstream:remotename)%00%(upstream:remoteref) refs/heads/main refs/remotes/main [2ms]
2024-11-03 20:25:35.783 [info] > git status -z -uall [8ms]
2024-11-03 20:25:35.784 [info] > git for-each-ref --sort -committerdate --format %(refname) %(objectname) %(*objectname) [2ms]
2024-11-03 20:25:40.436 [info] > git show --textconv :configuration.nix [6ms]
2024-11-03 20:25:40.437 [info] > git ls-files --stage -- /home/y/BIGDATA/GitHub/nix/configuration.nix [2ms]
2024-11-03 20:25:40.444 [info] > git cat-file -s 2c91e417044227ad875e87af14715e7b9bf06519 [2ms]
2024-11-03 20:25:50.928 [info] > git show --textconv :system/vm-hypr.nix [7ms]
2024-11-03 20:25:50.929 [info] > git ls-files --stage -- /home/y/BIGDATA/GitHub/nix/system/vm-hypr.nix [2ms]
2024-11-03 20:25:54.028 [info] > git config --get commit.template [5ms]
2024-11-03 20:25:54.030 [info] > git for-each-ref --format=%(refname)%00%(upstream:short)%00%(objectname)%00%(upstream:track)%00%(upstream:remotename)%00%(upstream:remoteref) refs/heads/main refs/remotes/main [1ms]
2024-11-03 20:25:54.043 [info] > git status -z -uall [7ms]
2024-11-03 20:25:54.043 [info] > git for-each-ref --sort -committerdate --format %(refname) %(objectname) %(*objectname) [1ms]
2024-11-03 20:26:05.880 [info] > git config --get commit.template [8ms]
2024-11-03 20:26:05.886 [info] > git ls-files --stage -- /home/y/BIGDATA/GitHub/nix/system/vm-hypr.nix [7ms]
2024-11-03 20:26:05.892 [info] > git for-each-ref --format=%(refname)%00%(upstream:short)%00%(objectname)%00%(upstream:track)%00%(upstream:remotename)%00%(upstream:remoteref) refs/heads/main refs/remotes/main [7ms]
2024-11-03 20:26:05.892 [info] > git cat-file -s 793843f35cd3490c87bcf67528eab4c988eb633d [1ms]
2024-11-03 20:26:05.904 [info] > git status -z -uall [6ms]
2024-11-03 20:26:05.911 [info] > git for-each-ref --sort -committerdate --format %(refname) %(objectname) %(*objectname) [7ms]
2024-11-03 20:26:05.921 [info] > git show --textconv :system/vm-hypr.nix [11ms]
2024-11-03 20:26:05.922 [info] > git merge-base refs/heads/main refs/remotes/origin/main [2ms]
2024-11-03 20:26:05.930 [info] > git diff --name-status -z --diff-filter=ADMR 677e46be37777b3d18ab667d60230cf5ae6febee...refs/remotes/origin/main [2ms]
2024-11-03 20:26:09.749 [info] > git show --textconv :configuration.nix [6ms]
2024-11-03 20:26:09.750 [info] > git ls-files --stage -- /home/y/BIGDATA/GitHub/nix/configuration.nix [2ms]
2024-11-03 20:26:09.757 [info] > git cat-file -s 2c91e417044227ad875e87af14715e7b9bf06519 [1ms]
2024-11-03 20:26:10.943 [info] > git config --get commit.template [7ms]
2024-11-03 20:26:10.944 [info] > git for-each-ref --format=%(refname)%00%(upstream:short)%00%(objectname)%00%(upstream:track)%00%(upstream:remotename)%00%(upstream:remoteref) refs/heads/main refs/remotes/main [2ms]
2024-11-03 20:26:10.957 [info] > git status -z -uall [7ms]
2024-11-03 20:26:10.959 [info] > git for-each-ref --sort -committerdate --format %(refname) %(objectname) %(*objectname) [2ms]
2024-11-03 20:26:13.240 [info] > git show --textconv :home.nix [7ms]
2024-11-03 20:26:13.241 [info] > git ls-files --stage -- /home/y/BIGDATA/GitHub/nix/home.nix [2ms]
2024-11-03 20:26:13.248 [info] > git cat-file -s 3c38ab122e0c6ef870d2b366cf0effe132287c4f [2ms]
2024-11-03 20:26:56.294 [info] > git config --get commit.template [6ms]
2024-11-03 20:26:56.295 [info] > git for-each-ref --format=%(refname)%00%(upstream:short)%00%(objectname)%00%(upstream:track)%00%(upstream:remotename)%00%(upstream:remoteref) refs/heads/main refs/remotes/main [2ms]
2024-11-03 20:26:56.307 [info] > git status -z -uall [7ms]
2024-11-03 20:26:56.308 [info] > git for-each-ref --sort -committerdate --format %(refname) %(objectname) %(*objectname) [2ms]
2024-11-03 20:27:07.778 [info] > git config --get commit.template [7ms]
2024-11-03 20:27:07.779 [info] > git for-each-ref --format=%(refname)%00%(upstream:short)%00%(objectname)%00%(upstream:track)%00%(upstream:remotename)%00%(upstream:remoteref) refs/heads/main refs/remotes/main [2ms]
2024-11-03 20:27:07.793 [info] > git status -z -uall [7ms]
2024-11-03 20:27:07.794 [info] > git for-each-ref --sort -committerdate --format %(refname) %(objectname) %(*objectname) [2ms]
2024-11-03 20:27:47.469 [info] > git config --get commit.template [7ms]
2024-11-03 20:27:47.470 [info] > git for-each-ref --format=%(refname)%00%(upstream:short)%00%(objectname)%00%(upstream:track)%00%(upstream:remotename)%00%(upstream:remoteref) refs/heads/main refs/remotes/main [2ms]
2024-11-03 20:27:47.482 [info] > git status -z -uall [6ms]
2024-11-03 20:27:47.484 [info] > git for-each-ref --sort -committerdate --format %(refname) %(objectname) %(*objectname) [2ms]
2024-11-03 20:28:19.426 [info] > git config --get commit.template [6ms]
2024-11-03 20:28:19.427 [info] > git for-each-ref --format=%(refname)%00%(upstream:short)%00%(objectname)%00%(upstream:track)%00%(upstream:remotename)%00%(upstream:remoteref) refs/heads/main refs/remotes/main [2ms]
2024-11-03 20:28:19.439 [info] > git status -z -uall [7ms]
2024-11-03 20:28:19.440 [info] > git for-each-ref --sort -committerdate --format %(refname) %(objectname) %(*objectname) [2ms]
2024-11-03 20:28:49.196 [info] > git config --get commit.template [7ms]
2024-11-03 20:28:49.197 [info] > git for-each-ref --format=%(refname)%00%(upstream:short)%00%(objectname)%00%(upstream:track)%00%(upstream:remotename)%00%(upstream:remoteref) refs/heads/main refs/remotes/main [2ms]
2024-11-03 20:28:49.211 [info] > git status -z -uall [7ms]
2024-11-03 20:28:49.212 [info] > git for-each-ref --sort -committerdate --format %(refname) %(objectname) %(*objectname) [2ms]
2024-11-03 20:30:39.810 [info] > git config --get commit.template [9ms]
2024-11-03 20:30:39.817 [info] > git ls-files --stage -- /home/y/BIGDATA/GitHub/nix/home.nix [8ms]
2024-11-03 20:30:39.824 [info] > git for-each-ref --format=%(refname)%00%(upstream:short)%00%(objectname)%00%(upstream:track)%00%(upstream:remotename)%00%(upstream:remoteref) refs/heads/main refs/remotes/main [7ms]
2024-11-03 20:30:39.836 [info] > git status -z -uall [7ms]
2024-11-03 20:30:39.836 [info] > git cat-file -s 3b8f629d1792accd9ad7738e81d84f839cccbba5 [13ms]
2024-11-03 20:30:39.837 [info] > git for-each-ref --sort -committerdate --format %(refname) %(objectname) %(*objectname) [2ms]
2024-11-03 20:30:39.853 [info] > git merge-base refs/heads/main refs/remotes/origin/main [8ms]
2024-11-03 20:30:39.859 [info] > git show --textconv :home.nix [6ms]
2024-11-03 20:30:39.861 [info] > git diff --name-status -z --diff-filter=ADMR 26a95a9123caa9bf7d04a2651dd9fd56bd60157a...refs/remotes/origin/main [2ms]
2024-11-03 20:30:44.859 [info] > git config --get commit.template [5ms]
2024-11-03 20:30:44.859 [info] > git for-each-ref --format=%(refname)%00%(upstream:short)%00%(objectname)%00%(upstream:track)%00%(upstream:remotename)%00%(upstream:remoteref) refs/heads/main refs/remotes/main [1ms]
2024-11-03 20:30:44.871 [info] > git status -z -uall [5ms]
2024-11-03 20:30:44.872 [info] > git for-each-ref --sort -committerdate --format %(refname) %(objectname) %(*objectname) [2ms]
2024-11-03 20:30:51.169 [info] > git show --textconv :flake.nix [7ms]
2024-11-03 20:30:51.170 [info] > git ls-files --stage -- /home/y/BIGDATA/GitHub/nix/flake.nix [2ms]
2024-11-03 20:30:51.177 [info] > git cat-file -s 98eeda1bdc4657f7ab9e19d32ce7834b99cc2fec [2ms]
2024-11-03 20:54:03.311 [info] > git config --get commit.template [8ms]
2024-11-03 20:54:03.319 [info] > git ls-files --stage -- /home/y/BIGDATA/GitHub/nix/flake.nix [9ms]
2024-11-03 20:54:03.325 [info] > git for-each-ref --format=%(refname)%00%(upstream:short)%00%(objectname)%00%(upstream:track)%00%(upstream:remotename)%00%(upstream:remoteref) refs/heads/main refs/remotes/main [6ms]
2024-11-03 20:54:03.341 [info] > git status -z -uall [8ms]
2024-11-03 20:54:03.342 [info] > git cat-file -s 98eeda1bdc4657f7ab9e19d32ce7834b99cc2fec [17ms]
2024-11-03 20:54:03.343 [info] > git for-each-ref --sort -committerdate --format %(refname) %(objectname) %(*objectname) [3ms]
2024-11-03 20:54:03.352 [info] > git show --textconv :flake.nix [2ms]
